============================= test session starts ==============================
platform linux -- Python 3.12.3, pytest-8.4.0, pluggy-1.6.0 -- /home/enrico/Projects/hexen/.venv/bin/python3
cachedir: .pytest_cache
rootdir: /home/enrico/Projects/hexen
configfile: pyproject.toml
collecting ... collected 1374 items

tests/parser/test_array_access.py::TestArrayAccess::test_single_array_access_literal_index PASSED [  0%]
tests/parser/test_array_access.py::TestArrayAccess::test_single_array_access_various_literal_indices PASSED [  0%]
tests/parser/test_array_access.py::TestArrayAccess::test_single_array_access_identifier_index PASSED [  0%]
tests/parser/test_array_access.py::TestArrayAccess::test_single_array_access_expression_index PASSED [  0%]
tests/parser/test_array_access.py::TestArrayAccess::test_single_array_access_complex_expression_index PASSED [  0%]
tests/parser/test_array_access.py::TestArrayAccess::test_single_array_access_function_call_index PASSED [  0%]
tests/parser/test_array_access.py::TestArrayAccess::test_chained_array_access_2d PASSED [  0%]
tests/parser/test_array_access.py::TestArrayAccess::test_chained_array_access_3d PASSED [  0%]
tests/parser/test_array_access.py::TestArrayAccess::test_chained_array_access_4d PASSED [  0%]
tests/parser/test_array_access.py::TestArrayAccess::test_chained_array_access_mixed_indices PASSED [  0%]
tests/parser/test_array_access.py::TestArrayAccess::test_array_access_of_array_literal PASSED [  0%]
tests/parser/test_array_access.py::TestArrayAccess::test_array_access_of_function_call PASSED [  0%]
tests/parser/test_array_access.py::TestArrayAccess::test_array_access_in_expressions PASSED [  0%]
tests/parser/test_array_access.py::TestArrayAccess::test_array_access_in_function_calls PASSED [  1%]
tests/parser/test_array_access.py::TestArrayAccess::test_array_access_in_return_statements PASSED [  1%]
tests/parser/test_array_access.py::TestArrayAccess::test_complex_nested_array_access_with_expressions PASSED [  1%]
tests/parser/test_array_access.py::TestArrayAccess::test_array_access_edge_cases PASSED [  1%]
tests/parser/test_array_literals.py::TestArrayLiterals::test_empty_array_literal PASSED [  1%]
tests/parser/test_array_literals.py::TestArrayLiterals::test_single_element_array_literal PASSED [  1%]
tests/parser/test_array_literals.py::TestArrayLiterals::test_multiple_element_array_literal_integers PASSED [  1%]
tests/parser/test_array_literals.py::TestArrayLiterals::test_multiple_element_array_literal_floats PASSED [  1%]
tests/parser/test_array_literals.py::TestArrayLiterals::test_multiple_element_array_literal_strings PASSED [  1%]
tests/parser/test_array_literals.py::TestArrayLiterals::test_multiple_element_array_literal_booleans PASSED [  1%]
tests/parser/test_array_literals.py::TestArrayLiterals::test_mixed_type_array_literal PASSED [  1%]
tests/parser/test_array_literals.py::TestArrayLiterals::test_nested_array_literal_2d PASSED [  1%]
tests/parser/test_array_literals.py::TestArrayLiterals::test_nested_array_literal_3x3 PASSED [  1%]
tests/parser/test_array_literals.py::TestArrayLiterals::test_nested_array_literal_3d PASSED [  1%]
tests/parser/test_array_literals.py::TestArrayLiterals::test_array_literal_with_expressions PASSED [  2%]
tests/parser/test_array_literals.py::TestArrayLiterals::test_array_literal_with_identifiers PASSED [  2%]
tests/parser/test_array_literals.py::TestArrayLiterals::test_array_literal_with_function_calls PASSED [  2%]
tests/parser/test_array_literals.py::TestArrayLiterals::test_array_literal_in_function_calls PASSED [  2%]
tests/parser/test_array_literals.py::TestArrayLiterals::test_array_literal_in_return_statements PASSED [  2%]
tests/parser/test_array_literals.py::TestArrayLiterals::test_array_literal_mixed_nested_types PASSED [  2%]
tests/parser/test_array_literals.py::TestArrayLiterals::test_array_literal_edge_cases PASSED [  2%]
tests/parser/test_array_operations.py::TestArrayCopy::test_simple_array_copy PASSED [  2%]
tests/parser/test_array_operations.py::TestArrayCopy::test_array_copy_in_function_call PASSED [  2%]
tests/parser/test_array_operations.py::TestArrayCopy::test_array_copy_in_return_statement PASSED [  2%]
tests/parser/test_array_operations.py::TestArrayCopy::test_array_copy_of_array_access PASSED [  2%]
tests/parser/test_array_operations.py::TestArrayCopy::test_array_copy_of_function_call PASSED [  2%]
tests/parser/test_array_operations.py::TestArrayCopy::test_array_copy_multiple_arguments PASSED [  2%]
tests/parser/test_array_operations.py::TestArrayCopy::test_nested_array_copy PASSED [  2%]
tests/parser/test_array_operations.py::TestPropertyAccess::test_simple_length_property PASSED [  3%]
tests/parser/test_array_operations.py::TestPropertyAccess::test_length_in_expression PASSED [  3%]
tests/parser/test_array_operations.py::TestPropertyAccess::test_length_in_function_call PASSED [  3%]
tests/parser/test_array_operations.py::TestPropertyAccess::test_length_in_return_statement PASSED [  3%]
tests/parser/test_array_operations.py::TestPropertyAccess::test_length_of_array_access PASSED [  3%]
tests/parser/test_array_operations.py::TestPropertyAccess::test_length_of_function_call PASSED [  3%]
tests/parser/test_array_operations.py::TestPropertyAccess::test_length_in_if_condition PASSED [  3%]
tests/parser/test_array_operations.py::TestPropertyAccess::test_length_in_arithmetic PASSED [  3%]
tests/parser/test_array_operations.py::TestCombinedOperations::test_copy_then_length PASSED [  3%]
tests/parser/test_array_operations.py::TestCombinedOperations::test_access_then_copy_then_length PASSED [  3%]
tests/parser/test_array_operations.py::TestCombinedOperations::test_multidimensional_access_then_length PASSED [  3%]
tests/parser/test_array_operations.py::TestCombinedOperations::test_function_result_copy PASSED [  3%]
tests/parser/test_array_operations.py::TestCombinedOperations::test_complex_chain_in_expression PASSED [  3%]
tests/parser/test_array_operations.py::TestCombinedOperations::test_multiple_properties_different_arrays PASSED [  4%]
tests/parser/test_array_types.py::TestArrayTypes::test_fixed_size_array_type_basic PASSED [  4%]
tests/parser/test_array_types.py::TestArrayTypes::test_fixed_size_array_types_all_primitives PASSED [  4%]
tests/parser/test_array_types.py::TestArrayTypes::test_inferred_size_array_type_basic PASSED [  4%]
tests/parser/test_array_types.py::TestArrayTypes::test_inferred_size_array_types_all_primitives PASSED [  4%]
tests/parser/test_array_types.py::TestArrayTypes::test_multidimensional_array_type_2d_fixed PASSED [  4%]
tests/parser/test_array_types.py::TestArrayTypes::test_multidimensional_array_type_2d_inferred PASSED [  4%]
tests/parser/test_array_types.py::TestArrayTypes::test_multidimensional_array_type_mixed_sizes PASSED [  4%]
tests/parser/test_array_types.py::TestArrayTypes::test_multidimensional_array_type_3d PASSED [  4%]
tests/parser/test_array_types.py::TestArrayTypes::test_multidimensional_array_type_4d PASSED [  4%]
tests/parser/test_array_types.py::TestArrayTypes::test_array_type_in_function_parameters PASSED [  4%]
tests/parser/test_array_types.py::TestArrayTypes::test_array_type_in_function_return_type PASSED [  4%]
tests/parser/test_array_types.py::TestArrayTypes::test_array_type_edge_cases PASSED [  4%]
tests/parser/test_array_types.py::TestArrayTypes::test_complex_nested_array_types PASSED [  4%]
tests/parser/test_assign_statements.py::TestAssignStatementParsing::test_basic_assign_statement PASSED [  5%]
tests/parser/test_assign_statements.py::TestAssignStatementParsing::test_assign_with_identifier PASSED [  5%]
tests/parser/test_assign_statements.py::TestAssignStatementParsing::test_assign_with_binary_expression PASSED [  5%]
tests/parser/test_assign_statements.py::TestAssignStatementParsing::test_assign_with_parenthesized_expression PASSED [  5%]
tests/parser/test_assign_statements.py::TestAssignStatementParsing::test_assign_with_explicit_conversion PASSED [  5%]
tests/parser/test_assign_statements.py::TestAssignStatementParsing::test_assign_with_complex_expression PASSED [  5%]
tests/parser/test_assign_statements.py::TestAssignStatementParsing::test_assign_with_string_literal PASSED [  5%]
tests/parser/test_assign_statements.py::TestAssignStatementParsing::test_assign_with_boolean_literal PASSED [  5%]
tests/parser/test_assign_statements.py::TestAssignStatementParsing::test_multiple_assign_blocks PASSED [  5%]
tests/parser/test_assign_statements.py::TestAssignStatementValidation::test_assign_keyword_not_identifier PASSED [  5%]
tests/parser/test_assign_statements.py::TestAssignStatementValidation::test_whitespace_handling_in_assign PASSED [  5%]
tests/parser/test_assign_statements.py::TestAssignStatementValidation::test_assign_with_comments PASSED [  5%]
tests/parser/test_binary_ops.py::test_basic_arithmetic_operators PASSED  [  5%]
tests/parser/test_binary_ops.py::test_binary_operator_syntax_errors PASSED [  5%]
tests/parser/test_binary_ops.py::test_binary_operations_with_type_annotations PASSED [  6%]
tests/parser/test_bool.py::TestBoolTypeParsing::test_bool_type_annotation PASSED [  6%]
tests/parser/test_bool.py::TestBoolTypeParsing::test_boolean_literal_true PASSED [  6%]
tests/parser/test_bool.py::TestBoolTypeParsing::test_boolean_literal_false PASSED [  6%]
tests/parser/test_bool.py::TestBoolTypeParsing::test_bool_variable_declaration_with_type PASSED [  6%]
tests/parser/test_bool.py::TestBoolTypeParsing::test_bool_variable_declaration_without_type PASSED [  6%]
tests/parser/test_bool.py::TestBoolTypeParsing::test_mut_bool_variable PASSED [  6%]
tests/parser/test_bool.py::TestBoolTypeParsing::test_multiple_bool_variables PASSED [  6%]
tests/parser/test_bool.py::TestBoolTypeParsing::test_bool_undef_declaration PASSED [  6%]
tests/parser/test_bool.py::TestBoolTypeEdgeCases::test_bool_keywords_not_identifiers PASSED [  6%]
tests/parser/test_bool.py::TestBoolTypeEdgeCases::test_mixed_types_with_bool PASSED [  6%]
tests/parser/test_bool.py::TestBoolTypeEdgeCases::test_bool_in_expression_block PASSED [  6%]
tests/parser/test_bool.py::TestBooleanOperators::test_logical_operators PASSED [  6%]
tests/parser/test_bool.py::TestBooleanOperators::test_logical_not_with_booleans PASSED [  6%]
tests/parser/test_bool.py::TestBooleanPrecedence::test_logical_not_precedence PASSED [  7%]
tests/parser/test_bool.py::TestBooleanErrors::test_logical_operator_syntax_errors PASSED [  7%]
tests/parser/test_comments.py::TestBasicComments::test_single_line_comment_standalone PASSED [  7%]
tests/parser/test_comments.py::TestBasicComments::test_inline_comments PASSED [  7%]
tests/parser/test_comments.py::TestBasicComments::test_comments_between_statements PASSED [  7%]
tests/parser/test_comments.py::TestBasicComments::test_multiple_functions_with_comments PASSED [  7%]
tests/parser/test_comments.py::TestCommentsInBlocks::test_comments_in_statement_blocks PASSED [  7%]
tests/parser/test_comments.py::TestCommentsInBlocks::test_comments_in_nested_blocks PASSED [  7%]
tests/parser/test_comments.py::TestCommentsWithAllFeatures::test_comments_with_assignments PASSED [  7%]
tests/parser/test_comments.py::TestCommentsWithAllFeatures::test_comments_with_type_annotations PASSED [  7%]
tests/parser/test_comments.py::TestCommentsWithAllFeatures::test_comments_with_returns PASSED [  7%]
tests/parser/test_comments.py::TestCommentEdgeCases::test_empty_comments PASSED [  7%]
tests/parser/test_comments.py::TestCommentEdgeCases::test_comments_with_special_characters PASSED [  7%]
tests/parser/test_comments.py::TestCommentEdgeCases::test_comments_do_not_affect_semantics PASSED [  8%]
tests/parser/test_comptime_parsing.py::TestComptimeParsing::test_integer_generates_comptime_int PASSED [  8%]
tests/parser/test_comptime_parsing.py::TestComptimeParsing::test_float_generates_comptime_float PASSED [  8%]
tests/parser/test_comptime_parsing.py::TestComptimeParsing::test_negative_integer_generates_comptime_int PASSED [  8%]
tests/parser/test_comptime_parsing.py::TestComptimeParsing::test_negative_float_generates_comptime_float PASSED [  8%]
tests/parser/test_comptime_parsing.py::TestComptimeParsing::test_multiple_comptime_literals PASSED [  8%]
tests/parser/test_comptime_parsing.py::TestComptimeParsing::test_comptime_in_binary_operations PASSED [  8%]
tests/parser/test_comptime_parsing.py::TestComptimeParsing::test_comptime_in_mixed_binary_operations PASSED [  8%]
tests/parser/test_comptime_parsing.py::TestComptimeParsing::test_comptime_in_return_statements PASSED [  8%]
tests/parser/test_comptime_parsing.py::TestComptimeParsing::test_string_remains_literal PASSED [  8%]
tests/parser/test_comptime_parsing.py::TestComptimeParsing::test_boolean_remains_literal PASSED [  8%]
tests/parser/test_comptime_parsing.py::TestComptimeParsing::test_comptime_with_type_annotations PASSED [  8%]
tests/parser/test_comptime_parsing.py::TestComptimeParsing::test_comptime_edge_case_values PASSED [  8%]
tests/parser/test_conditionals.py::TestConditionalParsing::test_basic_if_statement PASSED [  8%]
tests/parser/test_conditionals.py::TestConditionalParsing::test_if_else_statement PASSED [  9%]
tests/parser/test_conditionals.py::TestConditionalParsing::test_else_if_chain PASSED [  9%]
tests/parser/test_conditionals.py::TestConditionalParsing::test_conditional_with_comparison_condition PASSED [  9%]
tests/parser/test_conditionals.py::TestConditionalParsing::test_conditional_with_logical_condition PASSED [  9%]
tests/parser/test_conditionals.py::TestConditionalParsing::test_nested_conditionals PASSED [  9%]
tests/parser/test_conditionals.py::TestConditionalParsing::test_conditional_with_multiple_statements_in_branches PASSED [  9%]
tests/parser/test_conditionals.py::TestConditionalParsing::test_empty_conditional_branches PASSED [  9%]
tests/parser/test_conditionals.py::TestConditionalParsingErrors::test_missing_condition_braces PASSED [  9%]
tests/parser/test_conditionals.py::TestConditionalParsingErrors::test_missing_block_braces PASSED [  9%]
tests/parser/test_conditionals.py::TestConditionalParsingErrors::test_malformed_else_if PASSED [  9%]
tests/parser/test_conditionals.py::TestConditionalParsingErrors::test_else_without_if PASSED [  9%]
tests/parser/test_conditionals.py::TestConditionalSemanticFoundation::test_conditional_ast_node_creation PASSED [  9%]
tests/parser/test_conditionals.py::TestConditionalSemanticFoundation::test_else_clause_ast_node_creation PASSED [  9%]
tests/parser/test_errors.py::TestParserErrorMessages::test_syntax_error_contains_parse_error PASSED [  9%]
tests/parser/test_errors.py::TestParserErrorMessages::test_file_parsing_error PASSED [ 10%]
tests/parser/test_errors.py::TestParserErrorMessages::test_mut_without_type_fails PASSED [ 10%]
tests/parser/test_errors.py::TestParserErrorMessages::test_mut_with_undef_without_type_fails PASSED [ 10%]
tests/parser/test_errors.py::TestParserErrorMessages::test_val_without_type_still_works PASSED [ 10%]
tests/parser/test_errors.py::TestComprehensiveSyntaxErrors::test_missing_function_body PASSED [ 10%]
tests/parser/test_errors.py::TestComprehensiveSyntaxErrors::test_missing_function_return_type PASSED [ 10%]
tests/parser/test_errors.py::TestComprehensiveSyntaxErrors::test_missing_function_name PASSED [ 10%]
tests/parser/test_errors.py::TestComprehensiveSyntaxErrors::test_invalid_variable_name PASSED [ 10%]
tests/parser/test_errors.py::TestComprehensiveSyntaxErrors::test_missing_assignment_value PASSED [ 10%]
tests/parser/test_errors.py::TestComprehensiveSyntaxErrors::test_invalid_type_annotation PASSED [ 10%]
tests/parser/test_errors.py::TestComprehensiveSyntaxErrors::test_missing_semicolon_equivalent PASSED [ 10%]
tests/parser/test_errors.py::TestComprehensiveSyntaxErrors::test_unmatched_braces PASSED [ 10%]
tests/parser/test_errors.py::TestComprehensiveSyntaxErrors::test_extra_closing_brace PASSED [ 10%]
tests/parser/test_errors.py::TestComprehensiveSyntaxErrors::test_invalid_operator_usage PASSED [ 10%]
tests/parser/test_errors.py::TestComprehensiveSyntaxErrors::test_missing_parentheses_in_expression PASSED [ 11%]
tests/parser/test_errors.py::TestComprehensiveSyntaxErrors::test_invalid_explicit_conversion_syntax PASSED [ 11%]
tests/parser/test_errors.py::TestComprehensiveSyntaxErrors::test_missing_return_value PASSED [ 11%]
tests/parser/test_errors.py::TestEdgeCaseErrors::test_empty_source PASSED [ 11%]
tests/parser/test_errors.py::TestEdgeCaseErrors::test_only_comments PASSED [ 11%]
tests/parser/test_errors.py::TestEdgeCaseErrors::test_deeply_nested_expressions PASSED [ 11%]
tests/parser/test_errors.py::TestEdgeCaseErrors::test_very_long_identifier PASSED [ 11%]
tests/parser/test_errors.py::TestEdgeCaseErrors::test_invalid_escape_sequences PASSED [ 11%]
tests/parser/test_explicit_conversion_errors.py::TestExplicitConversionErrors::test_explicit_conversion_without_left_type_error PASSED [ 11%]
tests/parser/test_explicit_conversion_errors.py::TestExplicitConversionErrors::test_invalid_explicit_conversion_syntax PASSED [ 11%]
tests/parser/test_explicit_conversion_errors.py::TestExplicitConversionErrors::test_empty_explicit_conversion PASSED [ 11%]
tests/parser/test_explicit_conversion_errors.py::TestExplicitConversionErrors::test_explicit_conversion_with_invalid_expression PASSED [ 11%]
tests/parser/test_explicit_conversion_errors.py::TestExplicitConversionErrors::test_explicit_conversion_in_function_return PASSED [ 11%]
tests/parser/test_explicit_conversion_errors.py::TestExplicitConversionErrors::test_valid_complex_explicit_conversions PASSED [ 12%]
tests/parser/test_explicit_conversion_errors.py::TestExplicitConversionErrors::test_explicit_conversion_precedence PASSED [ 12%]
tests/parser/test_explicit_conversion_errors.py::TestExplicitConversionErrors::test_multiple_explicit_conversions_error PASSED [ 12%]
tests/parser/test_explicit_conversions.py::TestExplicitConversions::test_simple_literal_explicit_conversion PASSED [ 12%]
tests/parser/test_explicit_conversions.py::TestExplicitConversions::test_float_literal_explicit_conversion PASSED [ 12%]
tests/parser/test_explicit_conversions.py::TestExplicitConversions::test_binary_operation_explicit_conversion PASSED [ 12%]
tests/parser/test_explicit_conversions.py::TestExplicitConversions::test_complex_expression_explicit_conversion PASSED [ 12%]
tests/parser/test_explicit_conversions.py::TestExplicitConversions::test_identifier_explicit_conversion PASSED [ 12%]
tests/parser/test_explicit_conversions.py::TestExplicitConversions::test_all_types_in_conversions PASSED [ 12%]
tests/parser/test_explicit_conversions.py::TestExplicitConversions::test_mut_variable_with_explicit_conversion PASSED [ 12%]
tests/parser/test_explicit_conversions.py::TestExplicitConversions::test_parenthesized_expression_explicit_conversion PASSED [ 12%]
tests/parser/test_explicit_conversions.py::TestExplicitConversions::test_nested_binary_operations_explicit_conversion PASSED [ 12%]
tests/parser/test_expressions.py::TestBasicParentheses::test_simple_parenthesized_number PASSED [ 12%]
tests/parser/test_expressions.py::TestBasicParentheses::test_parenthesized_string PASSED [ 12%]
tests/parser/test_expressions.py::TestBasicParentheses::test_parenthesized_boolean PASSED [ 13%]
tests/parser/test_expressions.py::TestBasicParentheses::test_parenthesized_identifier PASSED [ 13%]
tests/parser/test_expressions.py::TestBasicParentheses::test_parenthesized_in_return PASSED [ 13%]
tests/parser/test_expressions.py::TestNestedParentheses::test_double_parentheses PASSED [ 13%]
tests/parser/test_expressions.py::TestNestedParentheses::test_triple_parentheses PASSED [ 13%]
tests/parser/test_expressions.py::TestNestedParentheses::test_nested_parentheses_with_identifiers PASSED [ 13%]
tests/parser/test_expressions.py::TestParenthesesInBlocks::test_parentheses_in_expression_block PASSED [ 13%]
tests/parser/test_expressions.py::TestParenthesesInBlocks::test_parentheses_in_statement_block PASSED [ 13%]
tests/parser/test_expressions.py::TestParenthesesInBlocks::test_parenthesized_block_expression PASSED [ 13%]
tests/parser/test_expressions.py::TestParenthesesWithTypes::test_parentheses_with_all_numeric_types PASSED [ 13%]
tests/parser/test_expressions.py::TestParenthesesWithTypes::test_parentheses_preserve_type_annotations PASSED [ 13%]
tests/parser/test_expressions.py::TestOperatorPrecedence::test_binary_operator_precedence PASSED [ 13%]
tests/parser/test_expressions.py::TestOperatorPrecedence::test_unary_minus_precedence PASSED [ 13%]
tests/parser/test_expressions.py::TestComplexExpressions::test_parenthesized_binary_expressions PASSED [ 13%]
tests/parser/test_expressions.py::TestComplexExpressions::test_complex_nested_expressions PASSED [ 14%]
tests/parser/test_expressions.py::TestExpressionErrors::test_empty_parentheses_error PASSED [ 14%]
tests/parser/test_expressions.py::TestExpressionErrors::test_unmatched_opening_parenthesis_error PASSED [ 14%]
tests/parser/test_expressions.py::TestExpressionErrors::test_unmatched_closing_parenthesis_error PASSED [ 14%]
tests/parser/test_expressions.py::TestExpressionErrors::test_whitespace_in_parentheses PASSED [ 14%]
tests/parser/test_expressions.py::TestExpressionErrors::test_comments_around_parentheses PASSED [ 14%]
tests/parser/test_functions.py::TestFunctionDeclarations::test_basic_function_declaration PASSED [ 14%]
tests/parser/test_functions.py::TestFunctionDeclarations::test_function_with_single_parameter PASSED [ 14%]
tests/parser/test_functions.py::TestFunctionDeclarations::test_function_with_multiple_parameters PASSED [ 14%]
tests/parser/test_functions.py::TestFunctionDeclarations::test_function_with_mutable_parameters PASSED [ 14%]
tests/parser/test_functions.py::TestFunctionDeclarations::test_function_with_mixed_mutability PASSED [ 14%]
tests/parser/test_functions.py::TestFunctionDeclarations::test_all_parameter_types PASSED [ 14%]
tests/parser/test_functions.py::TestFunctionDeclarations::test_all_return_types PASSED [ 14%]
tests/parser/test_functions.py::TestFunctionDeclarations::test_function_names_variations PASSED [ 14%]
tests/parser/test_functions.py::TestFunctionDeclarations::test_complex_function_body PASSED [ 15%]
tests/parser/test_functions.py::TestFunctionCalls::test_function_call_no_arguments PASSED [ 15%]
tests/parser/test_functions.py::TestFunctionCalls::test_function_call_single_argument PASSED [ 15%]
tests/parser/test_functions.py::TestFunctionCalls::test_function_call_multiple_arguments PASSED [ 15%]
tests/parser/test_functions.py::TestFunctionCalls::test_function_call_with_variable_arguments PASSED [ 15%]
tests/parser/test_functions.py::TestFunctionCalls::test_function_call_with_expression_arguments PASSED [ 15%]
tests/parser/test_functions.py::TestFunctionCalls::test_nested_function_calls PASSED [ 15%]
tests/parser/test_functions.py::TestFunctionCalls::test_function_call_with_conversions PASSED [ 15%]
tests/parser/test_functions.py::TestFunctionCalls::test_function_call_as_expression_block_argument PASSED [ 15%]
tests/parser/test_functions.py::TestFunctionCalls::test_function_call_in_return_statement PASSED [ 15%]
tests/parser/test_functions.py::TestReturnStatements::test_return_with_literal PASSED [ 15%]
tests/parser/test_functions.py::TestReturnStatements::test_return_with_identifier PASSED [ 15%]
tests/parser/test_functions.py::TestReturnStatements::test_return_with_expression PASSED [ 15%]
tests/parser/test_functions.py::TestReturnStatements::test_return_with_function_call PASSED [ 16%]
tests/parser/test_functions.py::TestReturnStatements::test_bare_return_void PASSED [ 16%]
tests/parser/test_functions.py::TestReturnStatements::test_return_with_conversion PASSED [ 16%]
tests/parser/test_functions.py::TestReturnStatements::test_multiple_returns_in_function PASSED [ 16%]
tests/parser/test_functions.py::TestReturnStatements::test_return_in_expression_block PASSED [ 16%]
tests/parser/test_functions.py::TestErrorRecovery::test_missing_parameter_type PASSED [ 16%]
tests/parser/test_functions.py::TestErrorRecovery::test_missing_return_type PASSED [ 16%]
tests/parser/test_functions.py::TestErrorRecovery::test_missing_function_body PASSED [ 16%]
tests/parser/test_functions.py::TestErrorRecovery::test_missing_function_name PASSED [ 16%]
tests/parser/test_functions.py::TestErrorRecovery::test_malformed_parameter_list PASSED [ 16%]
tests/parser/test_functions.py::TestErrorRecovery::test_invalid_function_name PASSED [ 16%]
tests/parser/test_functions.py::TestErrorRecovery::test_missing_parentheses PASSED [ 16%]
tests/parser/test_functions.py::TestErrorRecovery::test_wrong_assignment_operator PASSED [ 16%]
tests/parser/test_functions.py::TestErrorRecovery::test_function_call_missing_parentheses PASSED [ 16%]
tests/parser/test_functions.py::TestErrorRecovery::test_unclosed_argument_list PASSED [ 17%]
tests/parser/test_functions.py::TestComplexIntegration::test_function_declarations_and_calls_mixed PASSED [ 17%]
tests/parser/test_functions.py::TestComplexIntegration::test_deeply_nested_function_calls PASSED [ 17%]
tests/parser/test_functions.py::TestComplexIntegration::test_function_with_all_features PASSED [ 17%]
tests/parser/test_functions.py::TestComplexIntegration::test_function_calls_in_expression_blocks PASSED [ 17%]
tests/parser/test_minimal.py::TestMinimalHexen::test_valid_main_function PASSED [ 17%]
tests/parser/test_minimal.py::TestMinimalHexen::test_different_function_names PASSED [ 17%]
tests/parser/test_minimal.py::TestMinimalHexen::test_different_return_values PASSED [ 17%]
tests/parser/test_minimal.py::TestMinimalHexen::test_whitespace_handling PASSED [ 17%]
tests/parser/test_minimal.py::TestMinimalHexen::test_minimal_whitespace PASSED [ 17%]
tests/parser/test_minimal.py::TestMinimalHexen::test_invalid_syntax_missing_return_type PASSED [ 17%]
tests/parser/test_minimal.py::TestMinimalHexen::test_invalid_syntax_missing_function_name PASSED [ 17%]
tests/parser/test_minimal.py::TestMinimalHexen::test_invalid_syntax_missing_braces PASSED [ 17%]
tests/parser/test_minimal.py::TestMinimalHexen::test_invalid_syntax_missing_return_keyword PASSED [ 17%]
tests/parser/test_minimal.py::TestMinimalHexen::test_invalid_syntax_wrong_arrow PASSED [ 18%]
tests/parser/test_minimal.py::TestMinimalHexen::test_invalid_syntax_missing_parentheses PASSED [ 18%]
tests/parser/test_minimal.py::TestMinimalHexen::test_invalid_function_names PASSED [ 18%]
tests/parser/test_minimal.py::TestMinimalHexen::test_invalid_return_values PASSED [ 18%]
tests/parser/test_minimal.py::TestMinimalHexen::test_empty_program PASSED [ 18%]
tests/parser/test_minimal.py::TestMinimalHexen::test_multiple_statements_supported PASSED [ 18%]
tests/parser/test_minimal.py::TestMinimalHexen::test_multiple_functions_supported PASSED [ 18%]
tests/parser/test_minimal.py::TestMinimalHexen::test_function_return_type_i32 PASSED [ 18%]
tests/parser/test_minimal.py::TestMinimalHexen::test_function_return_type_i64 PASSED [ 18%]
tests/parser/test_minimal.py::TestMinimalHexen::test_function_return_type_f64 PASSED [ 18%]
tests/parser/test_minimal.py::TestMinimalHexen::test_function_return_type_string PASSED [ 18%]
tests/parser/test_minimal.py::TestMinimalHexen::test_function_return_type_bool PASSED [ 18%]
tests/parser/test_minimal.py::TestMinimalHexen::test_function_return_type_f32 PASSED [ 18%]
tests/parser/test_minimal.py::TestMinimalHexen::test_function_return_type_void PASSED [ 18%]
tests/parser/test_minimal.py::TestMinimalHexen::test_all_type_annotations_work PASSED [ 19%]
tests/parser/test_tight_binding.py::TestTightBinding::test_tight_conversion_works PASSED [ 19%]
tests/parser/test_tight_binding.py::TestTightBinding::test_spaced_conversion_fails PASSED [ 19%]
tests/parser/test_tight_binding.py::TestTightBinding::test_complex_expressions_with_tight_binding PASSED [ 19%]
tests/parser/test_tight_binding.py::TestTightBinding::test_multiple_conversions_in_same_function PASSED [ 19%]
tests/parser/test_tight_binding.py::TestTightBinding::test_all_type_conversions_work PASSED [ 19%]
tests/parser/test_unary_ops.py::TestUnaryMinus::test_unary_minus_with_integers PASSED [ 19%]
tests/parser/test_unary_ops.py::TestUnaryMinus::test_unary_minus_with_floats PASSED [ 19%]
tests/parser/test_unary_ops.py::TestLogicalNot::test_logical_not_with_boolean_literals PASSED [ 19%]
tests/parser/test_unary_ops.py::TestLogicalNot::test_logical_not_with_variables PASSED [ 19%]
tests/parser/test_unary_ops.py::TestLogicalNot::test_logical_not_precedence PASSED [ 19%]
tests/parser/test_unary_ops.py::TestLogicalNot::test_nested_logical_not PASSED [ 19%]
tests/parser/test_unary_ops.py::TestUnaryOperatorPrecedence::test_unary_minus_with_multiplication PASSED [ 19%]
tests/parser/test_unary_ops.py::TestUnaryOperatorPrecedence::test_unary_minus_with_addition PASSED [ 20%]
tests/parser/test_unary_ops.py::TestUnaryOperatorPrecedence::test_unary_operators_with_parentheses PASSED [ 20%]
tests/parser/test_undef.py::TestUndefDeclarations::test_val_undef_explicit_type PASSED [ 20%]
tests/parser/test_undef.py::TestUndefDeclarations::test_mut_undef_explicit_type PASSED [ 20%]
tests/parser/test_undef.py::TestUndefDeclarations::test_type_inference_still_works PASSED [ 20%]
tests/parser/test_undef.py::TestUndefDeclarations::test_mixed_declarations_in_same_function PASSED [ 20%]
tests/parser/test_undef.py::TestUndefDeclarations::test_all_types_with_undef PASSED [ 20%]
tests/parser/test_undef.py::TestUndefDeclarations::test_undef_with_f32_specifically PASSED [ 20%]
tests/parser/test_undef.py::TestUndefDeclarations::test_undef_with_bool_specifically PASSED [ 20%]
tests/parser/test_variables.py::TestVariableDeclarations::test_val_declaration_without_type PASSED [ 20%]
tests/parser/test_variables.py::TestVariableDeclarations::test_mut_declaration_with_explicit_type PASSED [ 20%]
tests/parser/test_variables.py::TestVariableDeclarations::test_val_declaration_with_string PASSED [ 20%]
tests/parser/test_variables.py::TestVariableDeclarations::test_variable_reference_in_return PASSED [ 20%]
tests/parser/test_variables.py::TestVariableDeclarations::test_multiple_variable_declarations PASSED [ 20%]
tests/parser/test_variables.py::TestVariableDeclarations::test_val_vs_mut_distinction PASSED [ 21%]
tests/parser/test_variables.py::TestVariableDeclarations::test_val_with_explicit_type_annotations PASSED [ 21%]
tests/parser/test_variables.py::TestVariableDeclarations::test_mut_with_explicit_type_annotations PASSED [ 21%]
tests/parser/test_variables.py::TestVariableDeclarations::test_mixed_explicit_and_inferred_types PASSED [ 21%]
tests/semantic/arrays/test_array_access.py::TestArrayAccessSemantics::test_basic_array_access PASSED [ 21%]
tests/semantic/arrays/test_array_access.py::TestArrayAccessSemantics::test_array_access_with_comptime_index PASSED [ 21%]
tests/semantic/arrays/test_array_access.py::TestArrayAccessSemantics::test_array_access_in_return PASSED [ 21%]
tests/semantic/arrays/test_array_access.py::TestArrayAccessSemantics::test_array_access_with_expressions PASSED [ 21%]
tests/semantic/arrays/test_array_access.py::TestArrayAccessSemantics::test_invalid_string_index PASSED [ 21%]
tests/semantic/arrays/test_array_access.py::TestArrayAccessSemantics::test_float_array_access PASSED [ 21%]
tests/semantic/arrays/test_array_access.py::TestArrayAccessSemantics::test_nested_array_access_2d PASSED [ 21%]
tests/semantic/arrays/test_array_access.py::TestArrayAccessSemantics::test_array_access_as_function_argument PASSED [ 21%]
tests/semantic/arrays/test_array_conversions.py::TestElementTypeConversion::test_simple_element_type_conversion PASSED [ 21%]
tests/semantic/arrays/test_array_conversions.py::TestElementTypeConversion::test_element_type_conversion_i32_to_f64 PASSED [ 21%]
tests/semantic/arrays/test_array_conversions.py::TestElementTypeConversion::test_element_type_conversion_f64_to_i32 PASSED [ 22%]
tests/semantic/arrays/test_array_conversions.py::TestElementTypeConversion::test_multidimensional_element_type_conversion PASSED [ 22%]
tests/semantic/arrays/test_array_conversions.py::TestElementTypeConversion::test_element_type_conversion_f32_to_f64 PASSED [ 22%]
tests/semantic/arrays/test_array_conversions.py::TestElementTypeConversion::test_element_type_conversion_in_return PASSED [ 22%]
tests/semantic/arrays/test_array_conversions.py::TestElementTypeConversion::test_element_type_conversion_size_mismatch_error PASSED [ 22%]
tests/semantic/arrays/test_array_conversions.py::TestElementTypeConversion::test_element_type_conversion_without_explicit_syntax_error PASSED [ 22%]
tests/semantic/arrays/test_array_conversions.py::TestInferredSizeWildcard::test_inferred_size_accepts_any_size PASSED [ 22%]
tests/semantic/arrays/test_array_conversions.py::TestInferredSizeWildcard::test_inferred_size_with_different_source_sizes PASSED [ 22%]
tests/semantic/arrays/test_array_conversions.py::TestInferredSizeWildcard::test_inferred_size_multidimensional_single_dim PASSED [ 22%]
tests/semantic/arrays/test_array_conversions.py::TestInferredSizeWildcard::test_inferred_size_multidimensional_both_dims PASSED [ 22%]
tests/semantic/arrays/test_array_conversions.py::TestInferredSizeWildcard::test_inferred_size_no_flattening_needed PASSED [ 22%]
tests/semantic/arrays/test_array_conversions.py::TestDimensionFlattening::test_simple_2d_to_1d_flattening PASSED [ 22%]
tests/semantic/arrays/test_array_conversions.py::TestDimensionFlattening::test_3d_to_1d_flattening PASSED [ 22%]
tests/semantic/arrays/test_array_conversions.py::TestDimensionFlattening::test_3d_to_2d_partial_flattening PASSED [ 22%]
tests/semantic/arrays/test_array_conversions.py::TestDimensionFlattening::test_flattening_size_mismatch_error PASSED [ 23%]
tests/semantic/arrays/test_array_conversions.py::TestDimensionFlattening::test_flattening_with_fixed_target_only PASSED [ 23%]
tests/semantic/arrays/test_array_conversions.py::TestDimensionFlattening::test_flattening_to_inferred_size PASSED [ 23%]
tests/semantic/arrays/test_array_conversions.py::TestDimensionFlattening::test_3d_to_1d_flattening_inferred_size PASSED [ 23%]
tests/semantic/arrays/test_array_conversions.py::TestDimensionFlattening::test_flattening_to_inferred_with_element_type_conversion PASSED [ 23%]
tests/semantic/arrays/test_array_conversions.py::TestCombinedConversions::test_flatten_and_convert_element_type PASSED [ 23%]
tests/semantic/arrays/test_array_conversions.py::TestCombinedConversions::test_flatten_and_convert_to_float PASSED [ 23%]
tests/semantic/arrays/test_array_conversions.py::TestCombinedConversions::test_partial_flatten_and_convert PASSED [ 23%]
tests/semantic/arrays/test_array_conversions.py::TestCombinedConversions::test_flatten_with_fixed_size_and_convert PASSED [ 23%]
tests/semantic/arrays/test_array_conversions.py::TestCombinedConversions::test_combined_conversion_size_mismatch_error PASSED [ 23%]
tests/semantic/arrays/test_array_conversions.py::TestConversionErrorCases::test_fixed_size_mismatch_same_dimensions PASSED [ 23%]
tests/semantic/arrays/test_array_conversions.py::TestConversionErrorCases::test_multidimensional_size_mismatch PASSED [ 23%]
tests/semantic/arrays/test_array_conversions.py::TestConversionErrorCases::test_flattening_incorrect_calculation PASSED [ 23%]
tests/semantic/arrays/test_array_conversions.py::TestConversionErrorCases::test_invalid_element_type_conversion PASSED [ 24%]
tests/semantic/arrays/test_array_conversions.py::TestConversionErrorCases::test_non_array_to_array_conversion_error PASSED [ 24%]
tests/semantic/arrays/test_array_conversions.py::TestComptimeArrayConversions::test_comptime_array_to_concrete_no_conversion_needed PASSED [ 24%]
tests/semantic/arrays/test_array_conversions.py::TestComptimeArrayConversions::test_comptime_array_adapts_to_different_element_types PASSED [ 24%]
tests/semantic/arrays/test_array_conversions.py::TestComptimeArrayConversions::test_comptime_array_no_explicit_conversion_needed PASSED [ 24%]
tests/semantic/arrays/test_array_conversions.py::TestBothOperatorsRequired::test_dimension_change_requires_both_operators_copy_only PASSED [ 24%]
tests/semantic/arrays/test_array_conversions.py::TestBothOperatorsRequired::test_dimension_change_requires_both_operators_type_only PASSED [ 24%]
tests/semantic/arrays/test_array_conversions.py::TestBothOperatorsRequired::test_inferred_size_flattening_also_requires_both_operators PASSED [ 24%]
tests/semantic/arrays/test_array_conversions.py::TestBothOperatorsRequired::test_3d_to_1d_requires_both_operators PASSED [ 24%]
tests/semantic/arrays/test_array_conversions.py::TestBothOperatorsRequired::test_element_type_change_with_dimension_change_requires_both PASSED [ 24%]
tests/semantic/arrays/test_array_conversions.py::TestBothOperatorsRequired::test_correct_syntax_with_both_operators_works PASSED [ 24%]
tests/semantic/arrays/test_array_conversions.py::TestBothOperatorsRequired::test_correct_syntax_with_element_type_conversion PASSED [ 24%]
tests/semantic/arrays/test_array_conversions.py::TestBothOperatorsRequired::test_same_dimensions_different_size_requires_both_operators PASSED [ 24%]
tests/semantic/arrays/test_array_conversions.py::TestBothOperatorsRequired::test_multidimensional_to_1d_flattening_requires_both_operators PASSED [ 24%]
tests/semantic/arrays/test_array_conversions.py::TestBothOperatorsRequired::test_multidimensional_to_1d_flattening_correct_syntax_works PASSED [ 25%]
tests/semantic/arrays/test_array_conversions.py::TestConversionInExpressions::test_conversion_then_function_call PASSED [ 25%]
tests/semantic/arrays/test_array_conversions.py::TestConversionInExpressions::test_conversion_in_return_statement PASSED [ 25%]
tests/semantic/arrays/test_array_conversions.py::TestConversionInExpressions::test_conversion_in_assignment PASSED [ 25%]
tests/semantic/arrays/test_array_conversions.py::TestConversionInExpressions::test_chained_conversions PASSED [ 25%]
tests/semantic/arrays/test_array_errors.py::TestArrayLiteralErrorMessages::test_empty_array_type_annotation_required_error_message PASSED [ 25%]
tests/semantic/arrays/test_array_errors.py::TestArrayLiteralErrorMessages::test_mixed_concrete_comptime_error_message PASSED [ 25%]
tests/semantic/arrays/test_array_errors.py::TestArrayLiteralErrorMessages::test_type_mismatch_in_array_elements_error_message PASSED [ 25%]
tests/semantic/arrays/test_array_errors.py::TestMultidimensionalArrayErrorMessages::test_inconsistent_2d_structure_error_message PASSED [ 25%]
tests/semantic/arrays/test_array_errors.py::TestMultidimensionalArrayErrorMessages::test_mixed_array_non_array_elements_error_message PASSED [ 25%]
tests/semantic/arrays/test_array_errors.py::TestMultidimensionalArrayErrorMessages::test_deep_3d_inconsistency_error_message PASSED [ 25%]
tests/semantic/arrays/test_array_errors.py::TestArrayAccessErrorMessages::test_invalid_index_type_error_message PASSED [ 25%]
tests/semantic/arrays/test_array_errors.py::TestArrayAccessErrorMessages::test_non_array_indexing_error_message PASSED [ 25%]
tests/semantic/arrays/test_array_errors.py::TestArrayAccessErrorMessages::test_float_index_error_message PASSED [ 25%]
tests/semantic/arrays/test_array_errors.py::TestArrayTypeAnnotationErrorMessages::test_explicit_type_annotation_type_mismatch_error_message PASSED [ 26%]
tests/semantic/arrays/test_array_errors.py::TestArrayTypeAnnotationErrorMessages::test_array_size_mismatch_error_message PASSED [ 26%]
tests/semantic/arrays/test_array_errors.py::TestArrayFunctionIntegrationErrorMessages::test_array_parameter_type_mismatch_error_message PASSED [ 26%]
tests/semantic/arrays/test_array_errors.py::TestArrayFunctionIntegrationErrorMessages::test_array_return_type_mismatch_error_message PASSED [ 26%]
tests/semantic/arrays/test_array_errors.py::TestComplexArrayScenarioErrorMessages::test_multiple_array_errors_in_single_function PASSED [ 26%]
tests/semantic/arrays/test_array_errors.py::TestComplexArrayScenarioErrorMessages::test_nested_array_access_error_message PASSED [ 26%]
tests/semantic/arrays/test_array_errors.py::TestComplexArrayScenarioErrorMessages::test_array_expression_block_error_message PASSED [ 26%]
tests/semantic/arrays/test_array_errors.py::TestErrorMessageConsistency::test_type_mismatch_message_consistency PASSED [ 26%]
tests/semantic/arrays/test_array_errors.py::TestErrorMessageConsistency::test_actionable_guidance_consistency PASSED [ 26%]
tests/semantic/arrays/test_array_expression_blocks.py::test_comptime_array_literal_in_block PASSED [ 26%]
tests/semantic/arrays/test_array_expression_blocks.py::test_comptime_array_operations_in_block PASSED [ 26%]
tests/semantic/arrays/test_array_expression_blocks.py::test_comptime_array_copy_in_block PASSED [ 26%]
tests/semantic/arrays/test_array_expression_blocks.py::test_comptime_array_length_property_in_block PASSED [ 26%]
tests/semantic/arrays/test_array_expression_blocks.py::test_nested_comptime_array_operations PASSED [ 27%]
tests/semantic/arrays/test_array_expression_blocks.py::test_multidimensional_comptime_array_in_block PASSED [ 27%]
tests/semantic/arrays/test_array_expression_blocks.py::test_comptime_array_with_arithmetic PASSED [ 27%]
tests/semantic/arrays/test_array_expression_blocks.py::test_runtime_array_block_with_function_call PASSED [ 27%]
tests/semantic/arrays/test_array_expression_blocks.py::test_runtime_array_block_with_concrete_array PASSED [ 27%]
tests/semantic/arrays/test_array_expression_blocks.py::test_runtime_array_block_missing_context_error PASSED [ 27%]
tests/semantic/arrays/test_array_expression_blocks.py::test_array_block_with_mixed_operations PASSED [ 27%]
tests/semantic/arrays/test_array_expression_blocks.py::test_array_validation_with_early_return_empty PASSED [ 27%]
tests/semantic/arrays/test_array_expression_blocks.py::test_array_validation_with_early_return_size_limit PASSED [ 27%]
tests/semantic/arrays/test_array_expression_blocks.py::test_array_validation_multiple_guards PASSED [ 27%]
tests/semantic/arrays/test_array_expression_blocks.py::test_array_caching_pattern_with_early_return PASSED [ 27%]
tests/semantic/arrays/test_array_expression_blocks.py::test_array_bounds_checking_with_fallback PASSED [ 27%]
tests/semantic/arrays/test_array_expression_blocks.py::test_nested_array_validation PASSED [ 27%]
tests/semantic/arrays/test_array_expression_blocks.py::test_array_copy_chain_in_block PASSED [ 27%]
tests/semantic/arrays/test_array_expression_blocks.py::test_property_access_with_arithmetic PASSED [ 28%]
tests/semantic/arrays/test_array_expression_blocks.py::test_multidim_array_copy_in_block PASSED [ 28%]
tests/semantic/arrays/test_array_expression_blocks.py::test_row_access_and_length PASSED [ 28%]
tests/semantic/arrays/test_array_expression_blocks.py::test_empty_array_in_block_requires_context PASSED [ 28%]
tests/semantic/arrays/test_array_expression_blocks.py::test_array_block_with_type_conversion PASSED [ 28%]
tests/semantic/arrays/test_array_expression_blocks.py::test_inferred_size_array_in_block PASSED [ 28%]
tests/semantic/arrays/test_array_expression_blocks.py::test_comptime_array_multiple_uses_from_block PASSED [ 28%]
tests/semantic/arrays/test_array_expression_blocks.py::test_array_parameter_copy_in_block PASSED [ 28%]
tests/semantic/arrays/test_array_expression_blocks.py::test_mut_parameter_in_array_block PASSED [ 28%]
tests/semantic/arrays/test_array_expression_blocks.py::test_fixed_size_matching_in_block PASSED [ 28%]
tests/semantic/arrays/test_array_expression_blocks.py::test_comptime_array_adaptation_in_block PASSED [ 28%]
tests/semantic/arrays/test_array_expression_blocks.py::test_error_runtime_block_with_conditional_missing_context PASSED [ 28%]
tests/semantic/arrays/test_array_expression_blocks.py::test_error_mixed_concrete_array_types_without_conversion PASSED [ 28%]
tests/semantic/arrays/test_array_expression_blocks.py::test_error_array_block_wrong_size_annotation PASSED [ 28%]
tests/semantic/arrays/test_array_expression_blocks.py::test_error_early_return_type_mismatch PASSED [ 29%]
tests/semantic/arrays/test_array_expression_blocks.py::test_error_block_result_type_mismatch PASSED [ 29%]
tests/semantic/arrays/test_array_expression_blocks.py::test_error_empty_array_without_context PASSED [ 29%]
tests/semantic/arrays/test_array_expression_blocks.py::test_error_array_element_type_mismatch_in_block PASSED [ 29%]
tests/semantic/arrays/test_array_expression_blocks.py::test_error_multidim_array_size_mismatch PASSED [ 29%]
tests/semantic/arrays/test_array_expression_blocks.py::test_error_inferred_size_concrete_mismatch PASSED [ 29%]
tests/semantic/arrays/test_array_expression_blocks.py::test_error_property_access_on_non_array PASSED [ 29%]
tests/semantic/arrays/test_array_flattening.py::TestArrayFlatteningCore::test_basic_2d_to_1d_flattening PASSED [ 29%]
tests/semantic/arrays/test_array_flattening.py::TestArrayFlatteningCore::test_3d_to_1d_flattening PASSED [ 29%]
tests/semantic/arrays/test_array_flattening.py::TestArrayFlatteningCore::test_size_inference_2d PASSED [ 29%]
tests/semantic/arrays/test_array_flattening.py::TestArrayFlatteningCore::test_size_inference_3d PASSED [ 29%]
tests/semantic/arrays/test_array_flattening.py::TestArrayFlatteningCore::test_mixed_explicit_and_inference PASSED [ 29%]
tests/semantic/arrays/test_array_flattening.py::TestArrayFlatteningCore::test_comptime_array_flattening PASSED [ 29%]
tests/semantic/arrays/test_array_flattening.py::TestArrayFlatteningCore::test_comptime_mixed_numeric PASSED [ 29%]
tests/semantic/arrays/test_array_flattening.py::TestArrayFlatteningErrorHandling::test_element_count_mismatch PASSED [ 30%]
tests/semantic/arrays/test_array_flattening.py::TestArrayFlatteningErrorHandling::test_element_type_conversion_with_flattening PASSED [ 30%]
tests/semantic/arrays/test_array_flattening.py::TestArrayFlatteningErrorHandling::test_inferred_source_dimensions_blocked PASSED [ 30%]
tests/semantic/arrays/test_array_flattening.py::TestArrayFlatteningErrorHandling::test_1d_to_1d_not_flattening PASSED [ 30%]
tests/semantic/arrays/test_array_flattening.py::TestArrayFlatteningErrorHandling::test_non_flattening_size_inference_allowed PASSED [ 30%]
tests/semantic/arrays/test_array_flattening.py::TestArrayFlatteningErrorHandling::test_missing_explicit_copy_for_concrete_array PASSED [ 30%]
tests/semantic/arrays/test_array_flattening.py::TestArrayFlatteningErrorHandling::test_missing_explicit_copy_with_size_inference PASSED [ 30%]
tests/semantic/arrays/test_array_flattening.py::TestArrayFlatteningErrorHandling::test_comptime_array_literal_flattening_allowed PASSED [ 30%]
tests/semantic/arrays/test_array_flattening.py::TestArrayFlatteningComplexScenarios::test_different_dimensions PASSED [ 30%]
tests/semantic/arrays/test_array_flattening.py::TestArrayFlatteningComplexScenarios::test_element_access_after_flattening PASSED [ 30%]
tests/semantic/arrays/test_array_flattening.py::TestArrayFlatteningComplexScenarios::test_flattening_in_multiple_variables PASSED [ 30%]
tests/semantic/arrays/test_array_flattening.py::TestArrayFlatteningComplexScenarios::test_size_calculations PASSED [ 30%]
tests/semantic/arrays/test_array_flattening.py::TestArrayFlatteningIntegration::test_flattening_with_val_declarations PASSED [ 30%]
tests/semantic/arrays/test_array_flattening.py::TestArrayFlatteningIntegration::test_flattening_preserves_immutability PASSED [ 31%]
tests/semantic/arrays/test_array_flattening.py::TestArrayFlatteningIntegration::test_expression_blocks_with_flattening PASSED [ 31%]
tests/semantic/arrays/test_array_flattening.py::TestArrayFlatteningIntegration::test_flattening_type_safety PASSED [ 31%]
tests/semantic/arrays/test_array_flattening.py::TestBothOperatorsMandatory::test_both_operators_required_for_element_type_change PASSED [ 31%]
tests/semantic/arrays/test_array_flattening.py::TestBothOperatorsMandatory::test_both_operators_required_for_combined_flattening_and_type_change PASSED [ 31%]
tests/semantic/arrays/test_array_flattening.py::TestBothOperatorsMandatory::test_inferred_size_also_requires_both_operators PASSED [ 31%]
tests/semantic/arrays/test_array_literals.py::TestArrayLiteralSemantics::test_comptime_array_int_inference PASSED [ 31%]
tests/semantic/arrays/test_array_literals.py::TestArrayLiteralSemantics::test_comptime_array_float_inference PASSED [ 31%]
tests/semantic/arrays/test_array_literals.py::TestArrayLiteralSemantics::test_comptime_array_flexibility PASSED [ 31%]
tests/semantic/arrays/test_array_literals.py::TestArrayLiteralSemantics::test_empty_array_type_annotation_requirement PASSED [ 31%]
tests/semantic/arrays/test_array_literals.py::TestArrayLiteralSemantics::test_empty_array_with_type_annotation PASSED [ 31%]
tests/semantic/arrays/test_array_literals.py::TestArrayLiteralSemantics::test_type_annotation_driven_resolution PASSED [ 31%]
tests/semantic/arrays/test_array_literals.py::TestArrayLiteralSemantics::test_array_size_mismatch_error PASSED [ 31%]
tests/semantic/arrays/test_array_literals.py::TestArrayLiteralSemantics::test_mixed_concrete_types_error PASSED [ 31%]
tests/semantic/arrays/test_array_literals.py::TestArrayLiteralSemantics::test_mixed_concrete_types_with_type_annotation PASSED [ 32%]
tests/semantic/arrays/test_array_literals.py::TestArrayLiteralSemantics::test_array_literals_in_function_parameters PASSED [ 32%]
tests/semantic/arrays/test_array_literals.py::TestArrayLiteralSemantics::test_array_literals_in_return_statements PASSED [ 32%]
tests/semantic/arrays/test_array_literals.py::TestArrayLiteralSemantics::test_array_literals_with_expressions PASSED [ 32%]
tests/semantic/arrays/test_array_literals.py::TestArrayLiteralSemantics::test_large_array_literals PASSED [ 32%]
tests/semantic/arrays/test_array_literals.py::TestArrayLiteralSemantics::test_type_mismatch_with_explicit_type_annotation PASSED [ 32%]
tests/semantic/arrays/test_array_literals.py::TestArrayLiteralSemantics::test_comptime_array_type_adaptation PASSED [ 32%]
tests/semantic/arrays/test_array_literals.py::TestArrayLiteralSemantics::test_array_function_parameters PASSED [ 32%]
tests/semantic/arrays/test_array_operations.py::TestArrayCopy::test_simple_array_copy PASSED [ 32%]
tests/semantic/arrays/test_array_operations.py::TestArrayCopy::test_array_copy_type_preservation PASSED [ 32%]
tests/semantic/arrays/test_array_operations.py::TestArrayCopy::test_array_copy_comptime_array PASSED [ 32%]
tests/semantic/arrays/test_array_operations.py::TestArrayCopy::test_array_copy_multidimensional PASSED [ 32%]
tests/semantic/arrays/test_array_operations.py::TestArrayCopy::test_array_copy_of_array_access PASSED [ 32%]
tests/semantic/arrays/test_array_operations.py::TestArrayCopy::test_array_copy_in_return_statement PASSED [ 32%]
tests/semantic/arrays/test_array_operations.py::TestArrayCopy::test_copy_non_array_error PASSED [ 33%]
tests/semantic/arrays/test_array_operations.py::TestArrayCopy::test_copy_string_error PASSED [ 33%]
tests/semantic/arrays/test_array_operations.py::TestPropertyAccess::test_simple_length_property PASSED [ 33%]
tests/semantic/arrays/test_array_operations.py::TestPropertyAccess::test_length_property_comptime_int PASSED [ 33%]
tests/semantic/arrays/test_array_operations.py::TestPropertyAccess::test_length_property_in_expression PASSED [ 33%]
tests/semantic/arrays/test_array_operations.py::TestPropertyAccess::test_length_property_in_comparison PASSED [ 33%]
tests/semantic/arrays/test_array_operations.py::TestPropertyAccess::test_length_of_array_access PASSED [ 33%]
tests/semantic/arrays/test_array_operations.py::TestPropertyAccess::test_length_property_comptime_array PASSED [ 33%]
tests/semantic/arrays/test_array_operations.py::TestPropertyAccess::test_length_on_non_array_error PASSED [ 33%]
tests/semantic/arrays/test_array_operations.py::TestPropertyAccess::test_length_on_string_error PASSED [ 33%]
tests/semantic/arrays/test_array_operations.py::TestPropertyAccess::test_unknown_property_error PASSED [ 33%]
tests/semantic/arrays/test_array_operations.py::TestCombinedOperations::test_copy_then_length PASSED [ 33%]
tests/semantic/arrays/test_array_operations.py::TestCombinedOperations::test_access_then_copy_then_length PASSED [ 33%]
tests/semantic/arrays/test_array_operations.py::TestCombinedOperations::test_multidimensional_access_then_length PASSED [ 33%]
tests/semantic/arrays/test_array_operations.py::TestCombinedOperations::test_length_in_conditional PASSED [ 34%]
tests/semantic/arrays/test_array_operations.py::TestCombinedOperations::test_multiple_arrays_different_lengths PASSED [ 34%]
tests/semantic/arrays/test_array_parameters.py::TestExplicitCopyRequirement::test_comptime_array_no_copy_needed PASSED [ 34%]
tests/semantic/arrays/test_array_parameters.py::TestExplicitCopyRequirement::test_concrete_array_requires_explicit_copy PASSED [ 34%]
tests/semantic/arrays/test_array_parameters.py::TestExplicitCopyRequirement::test_concrete_array_with_explicit_copy_allowed PASSED [ 34%]
tests/semantic/arrays/test_array_parameters.py::TestExplicitCopyRequirement::test_function_return_no_copy_needed PASSED [ 34%]
tests/semantic/arrays/test_array_parameters.py::TestExplicitCopyRequirement::test_expression_block_inline_no_copy_needed PASSED [ 34%]
tests/semantic/arrays/test_array_parameters.py::TestExplicitCopyRequirement::test_expression_block_variable_requires_copy PASSED [ 34%]
tests/semantic/arrays/test_array_parameters.py::TestExplicitCopyRequirement::test_multidimensional_array_requires_copy PASSED [ 34%]
tests/semantic/arrays/test_array_parameters.py::TestExplicitCopyRequirement::test_multidimensional_array_with_copy_allowed PASSED [ 34%]
tests/semantic/arrays/test_array_parameters.py::TestExplicitCopyRequirement::test_multiple_array_parameters PASSED [ 34%]
tests/semantic/arrays/test_array_parameters.py::TestExplicitCopyRequirement::test_multiple_parameters_with_copies_allowed PASSED [ 34%]
tests/semantic/arrays/test_array_parameters.py::TestExplicitCopyRequirement::test_mixed_concrete_and_comptime_arguments PASSED [ 34%]
tests/semantic/arrays/test_array_parameters.py::TestScalarParametersUnaffected::test_scalar_parameter_no_copy_requirement PASSED [ 35%]
tests/semantic/arrays/test_array_parameters.py::TestScalarParametersUnaffected::test_mixed_scalar_and_array_parameters PASSED [ 35%]
tests/semantic/arrays/test_array_parameters.py::TestFixedSizeArrayParameterMatching::test_exact_size_match_passes PASSED [ 35%]
tests/semantic/arrays/test_array_parameters.py::TestFixedSizeArrayParameterMatching::test_size_mismatch_error PASSED [ 35%]
tests/semantic/arrays/test_array_parameters.py::TestFixedSizeArrayParameterMatching::test_smaller_array_rejected PASSED [ 35%]
tests/semantic/arrays/test_array_parameters.py::TestFixedSizeArrayParameterMatching::test_multidimensional_exact_match PASSED [ 35%]
tests/semantic/arrays/test_array_parameters.py::TestFixedSizeArrayParameterMatching::test_multidimensional_first_dim_mismatch PASSED [ 35%]
tests/semantic/arrays/test_array_parameters.py::TestFixedSizeArrayParameterMatching::test_multidimensional_second_dim_mismatch PASSED [ 35%]
tests/semantic/arrays/test_array_parameters.py::TestFixedSizeArrayParameterMatching::test_dimension_count_mismatch PASSED [ 35%]
tests/semantic/arrays/test_array_parameters.py::TestFixedSizeArrayParameterMatching::test_element_type_mismatch PASSED [ 35%]
tests/semantic/arrays/test_array_parameters.py::TestFixedSizeArrayParameterMatching::test_multiple_parameters_all_must_match PASSED [ 35%]
tests/semantic/arrays/test_array_parameters.py::TestFixedSizeArrayParameterMatching::test_comptime_arrays_adapt_to_size PASSED [ 35%]
tests/semantic/arrays/test_array_parameters.py::TestFixedSizeArrayParameterMatching::test_comptime_wrong_size_error PASSED [ 35%]
tests/semantic/arrays/test_array_parameters.py::TestOnTheFlyFlatteningAsParameter::test_flatten_2d_to_1d_in_function_call PASSED [ 35%]
tests/semantic/arrays/test_array_parameters.py::TestOnTheFlyFlatteningAsParameter::test_flatten_3d_to_1d_in_function_call PASSED [ 36%]
tests/semantic/arrays/test_array_parameters.py::TestOnTheFlyFlatteningAsParameter::test_flatten_with_inferred_size_in_function_call PASSED [ 36%]
tests/semantic/arrays/test_array_parameters.py::TestOnTheFlyFlatteningAsParameter::test_flatten_with_element_type_conversion_in_call PASSED [ 36%]
tests/semantic/arrays/test_array_parameters.py::TestOnTheFlyFlatteningAsParameter::test_flatten_with_float_conversion_in_call PASSED [ 36%]
tests/semantic/arrays/test_array_parameters.py::TestOnTheFlyFlatteningAsParameter::test_comptime_array_flatten_directly_in_call PASSED [ 36%]
tests/semantic/arrays/test_array_parameters.py::TestOnTheFlyFlatteningAsParameter::test_multiple_parameters_with_on_the_fly_flattening PASSED [ 36%]
tests/semantic/arrays/test_array_parameters.py::TestOnTheFlyFlatteningAsParameter::test_mixed_regular_and_flattened_parameters PASSED [ 36%]
tests/semantic/arrays/test_array_parameters.py::TestOnTheFlyFlatteningAsParameter::test_nested_function_calls_with_flattening PASSED [ 36%]
tests/semantic/arrays/test_array_parameters.py::TestOnTheFlyFlatteningAsParameter::test_flatten_wrong_size_error_in_call PASSED [ 36%]
tests/semantic/arrays/test_array_parameters.py::TestOnTheFlyFlatteningAsParameter::test_missing_copy_operator_in_flattening_call PASSED [ 36%]
tests/semantic/arrays/test_array_parameters.py::TestOnTheFlyFlatteningAsParameter::test_missing_type_conversion_in_flattening_call PASSED [ 36%]
tests/semantic/arrays/test_array_parameters.py::TestOnTheFlyFlatteningAsParameter::test_partial_flatten_3d_to_2d_in_call PASSED [ 36%]
tests/semantic/arrays/test_array_parameters.py::TestComptimeArrayFlatteningInCalls::test_2d_to_1d_flattening_in_call PASSED [ 36%]
tests/semantic/arrays/test_array_parameters.py::TestComptimeArrayFlatteningInCalls::test_3d_to_1d_flattening_in_call PASSED [ 36%]
tests/semantic/arrays/test_array_parameters.py::TestComptimeArrayFlatteningInCalls::test_comptime_flatten_with_type_adaptation PASSED [ 37%]
tests/semantic/arrays/test_array_parameters.py::TestComptimeArrayFlatteningInCalls::test_comptime_flatten_mixed_numeric_types PASSED [ 37%]
tests/semantic/arrays/test_array_parameters.py::TestComptimeArrayFlatteningInCalls::test_comptime_flatten_to_inferred_size PASSED [ 37%]
tests/semantic/arrays/test_array_parameters.py::TestComptimeArrayFlatteningInCalls::test_comptime_flatten_element_count_mismatch PASSED [ 37%]
tests/semantic/arrays/test_array_parameters.py::TestComptimeArrayFlatteningInCalls::test_same_comptime_source_adapts_to_different_calls PASSED [ 37%]
tests/semantic/arrays/test_array_parameters.py::TestComptimeArrayFlatteningInCalls::test_concrete_array_still_requires_explicit_syntax PASSED [ 37%]
tests/semantic/arrays/test_array_parameters.py::TestComptimeArrayFlatteningInCalls::test_multiple_comptime_array_parameters_with_flattening PASSED [ 37%]
tests/semantic/arrays/test_array_parameters.py::TestComptimeArrayFlatteningInCalls::test_nested_function_calls_with_comptime_flattening PASSED [ 37%]
tests/semantic/arrays/test_array_parameters.py::TestComptimeArrayFlatteningInCalls::test_comptime_flatten_2x3_to_6 PASSED [ 37%]
tests/semantic/arrays/test_array_parameters.py::TestComptimeArrayFlatteningInCalls::test_comptime_flatten_3x3_to_9 PASSED [ 37%]
tests/semantic/arrays/test_comptime_array_parameter_adaptation.py::TestComptimeArrayElementTypeAdaptation::test_comptime_array_int_to_i32_parameter PASSED [ 37%]
tests/semantic/arrays/test_comptime_array_parameter_adaptation.py::TestComptimeArrayElementTypeAdaptation::test_comptime_array_int_to_i64_parameter PASSED [ 37%]
tests/semantic/arrays/test_comptime_array_parameter_adaptation.py::TestComptimeArrayElementTypeAdaptation::test_comptime_array_int_to_f32_parameter PASSED [ 37%]
tests/semantic/arrays/test_comptime_array_parameter_adaptation.py::TestComptimeArrayElementTypeAdaptation::test_comptime_array_int_to_f64_parameter PASSED [ 37%]
tests/semantic/arrays/test_comptime_array_parameter_adaptation.py::TestComptimeArrayElementTypeAdaptation::test_comptime_array_float_to_f32_parameter PASSED [ 38%]
tests/semantic/arrays/test_comptime_array_parameter_adaptation.py::TestComptimeArrayElementTypeAdaptation::test_comptime_array_float_to_f64_parameter PASSED [ 38%]
tests/semantic/arrays/test_comptime_array_parameter_adaptation.py::TestComptimeArraySizeAdaptation::test_comptime_array_to_fixed_size_parameter PASSED [ 38%]
tests/semantic/arrays/test_comptime_array_parameter_adaptation.py::TestComptimeArraySizeAdaptation::test_comptime_array_to_inferred_size_parameter PASSED [ 38%]
tests/semantic/arrays/test_comptime_array_parameter_adaptation.py::TestComptimeArraySizeAdaptation::test_comptime_array_size_mismatch_with_fixed_parameter PASSED [ 38%]
tests/semantic/arrays/test_comptime_array_parameter_adaptation.py::TestComptimeArrayMultipleMaterializations::test_same_comptime_array_to_different_element_types PASSED [ 38%]
tests/semantic/arrays/test_comptime_array_parameter_adaptation.py::TestComptimeArrayMultipleMaterializations::test_same_comptime_array_to_fixed_and_inferred_sizes PASSED [ 38%]
tests/semantic/arrays/test_comptime_array_parameter_adaptation.py::TestComptimeArrayMultipleMaterializations::test_comptime_array_multiple_uses_different_precisions PASSED [ 38%]
tests/semantic/arrays/test_comptime_array_parameter_adaptation.py::TestComptimeArrayDimensionAdaptation::test_comptime_2d_array_to_fixed_2d_parameter PASSED [ 38%]
tests/semantic/arrays/test_comptime_array_parameter_adaptation.py::TestComptimeArrayDimensionAdaptation::test_comptime_2d_array_to_inferred_2d_parameter PASSED [ 38%]
tests/semantic/arrays/test_comptime_array_parameter_adaptation.py::TestComptimeArrayDimensionAdaptation::test_comptime_3d_array_to_fixed_3d_parameter PASSED [ 38%]
tests/semantic/arrays/test_comptime_array_parameter_adaptation.py::TestComptimeArrayDimensionAdaptation::test_comptime_2d_array_different_element_types PASSED [ 38%]
tests/semantic/arrays/test_comptime_array_parameter_adaptation.py::TestComptimeArrayNoExplicitCopy::test_comptime_array_no_copy_needed PASSED [ 38%]
tests/semantic/arrays/test_comptime_array_parameter_adaptation.py::TestComptimeArrayNoExplicitCopy::test_comptime_array_with_explicit_copy_also_works PASSED [ 39%]
tests/semantic/arrays/test_comptime_array_parameter_adaptation.py::TestComptimeArrayNoExplicitCopy::test_concrete_array_requires_explicit_copy_contrast PASSED [ 39%]
tests/semantic/arrays/test_comptime_array_parameter_adaptation.py::TestComptimeArrayEdgeCases::test_comptime_array_from_expression_block PASSED [ 39%]
tests/semantic/arrays/test_comptime_array_parameter_adaptation.py::TestComptimeArrayEdgeCases::test_comptime_array_literal_direct_in_call PASSED [ 39%]
tests/semantic/arrays/test_comptime_array_parameter_adaptation.py::TestComptimeArrayEdgeCases::test_comptime_array_multiple_function_calls_same_line PASSED [ 39%]
tests/semantic/arrays/test_comptime_array_parameter_adaptation.py::TestComptimeArrayEdgeCases::test_comptime_array_nested_function_calls PASSED [ 39%]
tests/semantic/arrays/test_comptime_array_parameter_adaptation.py::TestComptimeArrayDocumentationExamples::test_documentation_example_flexible_data PASSED [ 39%]
tests/semantic/arrays/test_comptime_array_size_validation.py::TestComptimeArrayBasicSizeMismatch::test_comptime_array_size_too_large_fails PASSED [ 39%]
tests/semantic/arrays/test_comptime_array_size_validation.py::TestComptimeArraySizeMismatchVariations::test_off_by_one_too_large PASSED [ 39%]
tests/semantic/arrays/test_comptime_array_size_validation.py::TestComptimeArraySizeMismatchVariations::test_off_by_one_too_small PASSED [ 39%]
tests/semantic/arrays/test_comptime_array_size_validation.py::TestComptimeArraySizeMismatchVariations::test_way_off_large_array PASSED [ 39%]
tests/semantic/arrays/test_comptime_array_size_validation.py::TestComptimeArrayMultidimensionalSizeMismatch::test_2d_outer_dimension_mismatch PASSED [ 39%]
tests/semantic/arrays/test_comptime_array_size_validation.py::TestComptimeArrayMultidimensionalSizeMismatch::test_2d_inner_dimension_mismatch PASSED [ 39%]
tests/semantic/arrays/test_comptime_array_size_validation.py::TestComptimeArrayMultidimensionalSizeMismatch::test_2d_both_dimensions_mismatch PASSED [ 39%]
tests/semantic/arrays/test_comptime_array_size_validation.py::TestComptimeArrayDimensionCountMismatch::test_1d_cannot_pass_to_2d_parameter PASSED [ 40%]
tests/semantic/arrays/test_comptime_array_size_validation.py::TestComptimeArrayDimensionCountMismatch::test_2d_can_flatten_to_1d_parameter_when_element_count_matches PASSED [ 40%]
tests/semantic/arrays/test_comptime_array_size_validation.py::TestComptimeArrayFloatSizeValidation::test_comptime_float_array_size_mismatch_fails PASSED [ 40%]
tests/semantic/arrays/test_comptime_array_size_validation.py::TestMultipleFunctionCallsWithSameComptimeArray::test_comptime_array_fails_wrong_size_succeeds_correct_size PASSED [ 40%]
tests/semantic/arrays/test_comptime_array_variables_integration.py::TestComptimeArrayVariableBasics::test_simple_int_array_variable PASSED [ 40%]
tests/semantic/arrays/test_comptime_array_variables_integration.py::TestComptimeArrayVariableBasics::test_simple_float_array_variable PASSED [ 40%]
tests/semantic/arrays/test_comptime_array_variables_integration.py::TestComptimeArrayVariableBasics::test_mixed_comptime_promotes_to_float PASSED [ 40%]
tests/semantic/arrays/test_comptime_array_variables_integration.py::TestComptimeArrayVariableBasics::test_2d_array_variable PASSED [ 40%]
tests/semantic/arrays/test_comptime_array_variables_integration.py::TestComptimeArrayVariableBasics::test_3d_array_variable PASSED [ 40%]
tests/semantic/arrays/test_comptime_array_variables_integration.py::TestComptimeArrayVariableSizes::test_size_1_array PASSED [ 40%]
tests/semantic/arrays/test_comptime_array_variables_integration.py::TestComptimeArrayVariableSizes::test_size_5_array PASSED [ 40%]
tests/semantic/arrays/test_comptime_array_variables_integration.py::TestComptimeArrayVariableSizes::test_size_10_array PASSED [ 40%]
tests/semantic/arrays/test_comptime_array_variables_integration.py::TestComptimeArrayVariableSizes::test_large_array PASSED [ 40%]
tests/semantic/arrays/test_comptime_array_variables_integration.py::TestComptimeArrayVariableSizes::test_irregular_2d_arrays_rejected PASSED [ 40%]
tests/semantic/arrays/test_comptime_array_variables_integration.py::TestMultipleComptimeArrayVariables::test_multiple_different_sizes PASSED [ 41%]
tests/semantic/arrays/test_comptime_array_variables_integration.py::TestMultipleComptimeArrayVariables::test_multiple_different_element_types PASSED [ 41%]
tests/semantic/arrays/test_comptime_array_variables_integration.py::TestMultipleComptimeArrayVariables::test_multiple_different_dimensions PASSED [ 41%]
tests/semantic/arrays/test_comptime_array_variables_integration.py::TestComptimeArrayExpressionBlocks::test_expression_block_returns_comptime_array PASSED [ 41%]
tests/semantic/arrays/test_comptime_array_variables_integration.py::TestComptimeArrayExpressionBlocks::test_expression_block_with_intermediate_computation PASSED [ 41%]
tests/semantic/arrays/test_comptime_array_variables_integration.py::TestComptimeArrayWithConcreteTypes::test_explicit_type_annotation_creates_concrete PASSED [ 41%]
tests/semantic/arrays/test_comptime_array_variables_integration.py::TestComptimeArrayWithConcreteTypes::test_no_annotation_preserves_comptime PASSED [ 41%]
tests/semantic/arrays/test_comptime_array_variables_integration.py::TestComptimeArrayVariableUsage::test_comptime_array_variable_in_indexing PASSED [ 41%]
tests/semantic/arrays/test_comptime_array_variables_integration.py::TestComptimeArrayVariableUsage::test_multiple_references_same_comptime_array PASSED [ 41%]
tests/semantic/arrays/test_comptime_array_variables_integration.py::TestPhase3IntegrationValidation::test_end_to_end_comptime_array_flow PASSED [ 41%]
tests/semantic/arrays/test_comptime_array_variables_integration.py::TestPhase3IntegrationValidation::test_different_sizes_dont_interfere PASSED [ 41%]
tests/semantic/arrays/test_comptime_array_variables_integration.py::TestPhase3IntegrationValidation::test_comptime_arrays_in_nested_scopes PASSED [ 41%]
tests/semantic/arrays/test_comptime_array_variables_integration.py::TestPhase3IntegrationValidation::test_phase3_success_marker PASSED [ 41%]
tests/semantic/arrays/test_inferred_size_parameters.py::TestInferredSizeParameterMatching::test_inferred_size_accepts_small_array PASSED [ 41%]
tests/semantic/arrays/test_inferred_size_parameters.py::TestInferredSizeParameterMatching::test_inferred_size_accepts_large_array PASSED [ 42%]
tests/semantic/arrays/test_inferred_size_parameters.py::TestInferredSizeParameterMatching::test_inferred_size_multiple_sizes_same_function PASSED [ 42%]
tests/semantic/arrays/test_inferred_size_parameters.py::TestInferredSizeParameterMatching::test_inferred_size_element_type_must_match PASSED [ 42%]
tests/semantic/arrays/test_inferred_size_parameters.py::TestInferredSizeParameterMatching::test_inferred_size_comptime_arrays_work PASSED [ 42%]
tests/semantic/arrays/test_inferred_size_parameters.py::TestMultidimensionalInferredSize::test_2d_first_dimension_inferred PASSED [ 42%]
tests/semantic/arrays/test_inferred_size_parameters.py::TestMultidimensionalInferredSize::test_2d_second_dimension_inferred PASSED [ 42%]
tests/semantic/arrays/test_inferred_size_parameters.py::TestMultidimensionalInferredSize::test_2d_both_dimensions_inferred PASSED [ 42%]
tests/semantic/arrays/test_inferred_size_parameters.py::TestMultidimensionalInferredSize::test_2d_column_count_must_match_if_fixed PASSED [ 42%]
tests/semantic/arrays/test_inferred_size_parameters.py::TestLengthPropertyWithInferredSize::test_length_property_available_in_function PASSED [ 42%]
tests/semantic/arrays/test_inferred_size_parameters.py::TestLengthPropertyWithInferredSize::test_length_in_conditional PASSED [ 42%]
tests/semantic/arrays/test_inferred_size_parameters.py::TestLengthPropertyWithInferredSize::test_length_in_expression PASSED [ 42%]
tests/semantic/arrays/test_inferred_size_parameters.py::TestLengthPropertyWithInferredSize::test_multidimensional_inferred_length PASSED [ 42%]
tests/semantic/arrays/test_multidim_arrays.py::TestMultidimensionalArrays::test_2d_array_literal PASSED [ 42%]
tests/semantic/arrays/test_multidim_arrays.py::TestMultidimensionalArrays::test_3d_array_literal PASSED [ 43%]
tests/semantic/arrays/test_multidim_arrays.py::TestMultidimensionalArrays::test_inconsistent_2d_structure_error PASSED [ 43%]
tests/semantic/arrays/test_multidim_arrays.py::TestMultidimensionalArrays::test_mixed_2d_structure_error PASSED [ 43%]
tests/semantic/arrays/test_multidim_arrays.py::TestMultidimensionalArrays::test_empty_2d_array_rows PASSED [ 43%]
tests/semantic/arrays/test_multidim_arrays.py::TestMultidimensionalArrays::test_rectangular_matrix PASSED [ 43%]
tests/semantic/arrays/test_multidim_arrays.py::TestMultidimensionalArrays::test_single_row_matrix PASSED [ 43%]
tests/semantic/arrays/test_multidim_arrays.py::TestMultidimensionalArrays::test_large_3d_array PASSED [ 43%]
tests/semantic/arrays/test_multidim_arrays.py::TestMultidimensionalArrays::test_deeply_inconsistent_3d_error PASSED [ 43%]
tests/semantic/arrays/test_multidim_arrays.py::TestMultidimensionalArrays::test_deeply_inconsistent_3d_error_detailed PASSED [ 43%]
tests/semantic/arrays/test_multidim_arrays.py::TestArrayFlattening::test_simple_2d_flattening_concept PASSED [ 43%]
tests/semantic/blocks/test_block_evaluability.py::TestSession1Infrastructure::test_block_evaluability_enum_available PASSED [ 43%]
tests/semantic/blocks/test_block_evaluability.py::TestSession1Infrastructure::test_block_analyzer_has_classification_methods PASSED [ 43%]
tests/semantic/blocks/test_block_evaluability.py::TestSession1Infrastructure::test_comptime_literal_blocks_analyze_correctly PASSED [ 43%]
tests/semantic/blocks/test_block_evaluability.py::TestSession1Infrastructure::test_concrete_variable_blocks_analyze_correctly PASSED [ 43%]
tests/semantic/blocks/test_block_evaluability.py::TestSession1Infrastructure::test_mixed_operation_blocks_analyze_correctly PASSED [ 44%]
tests/semantic/blocks/test_block_evaluability.py::TestSession1Infrastructure::test_complex_comptime_arithmetic_blocks_analyze_correctly PASSED [ 44%]
tests/semantic/blocks/test_block_evaluability.py::TestSession1Infrastructure::test_explicit_type_annotation_blocks_analyze_correctly PASSED [ 44%]
tests/semantic/blocks/test_block_evaluability.py::TestSession1Infrastructure::test_nested_expression_blocks_analyze_correctly PASSED [ 44%]
tests/semantic/blocks/test_block_evaluability.py::TestSession1Infrastructure::test_various_literal_types_analyze_correctly PASSED [ 44%]
tests/semantic/blocks/test_block_evaluability.py::TestSession1Infrastructure::test_binary_operations_analyze_correctly PASSED [ 44%]
tests/semantic/blocks/test_block_evaluability.py::TestSession1Infrastructure::test_explicit_conversions_analyze_correctly PASSED [ 44%]
tests/semantic/blocks/test_block_evaluability.py::TestSession1Infrastructure::test_concrete_type_usage_analyzes_correctly PASSED [ 44%]
tests/semantic/blocks/test_block_evaluability.py::TestSession1Infrastructure::test_mut_variables_analyze_correctly PASSED [ 44%]
tests/semantic/blocks/test_block_evaluability.py::TestSession1Infrastructure::test_comptime_variable_references_analyze_correctly PASSED [ 44%]
tests/semantic/blocks/test_block_evaluability.py::TestSession1Infrastructure::test_simple_blocks_analyze_correctly PASSED [ 44%]
tests/semantic/blocks/test_block_evaluability.py::TestSession1Infrastructure::test_session_1_maintains_existing_behavior PASSED [ 44%]
tests/semantic/blocks/test_block_evaluability.py::TestSession1FoundationComplete::test_infrastructure_ready_for_session_2 PASSED [ 44%]
tests/semantic/blocks/test_block_evaluability.py::TestSession1FoundationComplete::test_no_regressions_in_existing_tests PASSED [ 44%]
tests/semantic/blocks/test_block_scoping.py::TestUniversalBlockScoping::test_scope_stack_behavior PASSED [ 45%]
tests/semantic/blocks/test_block_scoping.py::TestUniversalBlockScoping::test_shadowing_across_block_types PASSED [ 45%]
tests/semantic/blocks/test_block_scoping.py::TestUniversalBlockScoping::test_scope_isolation_across_block_types PASSED [ 45%]
tests/semantic/blocks/test_block_scoping.py::TestBlockContextDetermination::test_block_context_by_usage PASSED [ 45%]
tests/semantic/blocks/test_block_scoping.py::TestBlockContextDetermination::test_block_return_requirements_by_context PASSED [ 45%]
tests/semantic/blocks/test_block_scoping.py::TestBlockContextDetermination::test_function_context_provides_return_type PASSED [ 45%]
tests/semantic/blocks/test_block_scoping.py::TestComplexBlockScenarios::test_mixed_block_types_interaction PASSED [ 45%]
tests/semantic/blocks/test_block_scoping.py::TestComplexBlockScenarios::test_deeply_nested_mixed_blocks PASSED [ 45%]
tests/semantic/blocks/test_block_scoping.py::TestComplexBlockScenarios::test_block_integration_with_variables_and_assignments PASSED [ 45%]
tests/semantic/blocks/test_block_scoping.py::TestComplexBlockScenarios::test_error_propagation_across_block_boundaries PASSED [ 45%]
tests/semantic/blocks/test_enhanced_error_messages.py::TestRuntimeBlockErrorMessages::test_function_call_triggers_explicit_type_annotation_required_error PASSED [ 45%]
tests/semantic/blocks/test_enhanced_error_messages.py::TestRuntimeBlockErrorMessages::test_conditional_triggers_explicit_type_annotation_required_error PASSED [ 45%]
tests/semantic/blocks/test_enhanced_error_messages.py::TestRuntimeBlockErrorMessages::test_mixed_concrete_comptime_triggers_runtime_error PASSED [ 45%]
tests/semantic/blocks/test_enhanced_error_messages.py::TestMixedConcreteTypeErrorMessages::test_mixed_concrete_types_in_arithmetic_error PASSED [ 45%]
tests/semantic/blocks/test_enhanced_error_messages.py::TestMixedConcreteTypeErrorMessages::test_mixed_concrete_types_provides_conversion_guidance PASSED [ 46%]
tests/semantic/blocks/test_enhanced_error_messages.py::TestMixedConcreteTypeErrorMessages::test_float_integer_mixing_error_message PASSED [ 46%]
tests/semantic/blocks/test_enhanced_error_messages.py::TestBinaryOperationErrorMessages::test_comparison_mixed_types_error_message PASSED [ 46%]
tests/semantic/blocks/test_enhanced_error_messages.py::TestBinaryOperationErrorMessages::test_division_operator_context_error_message PASSED [ 46%]
tests/semantic/blocks/test_enhanced_error_messages.py::TestExpressionBlockErrorMessages::test_expression_block_missing_context_error PASSED [ 46%]
tests/semantic/blocks/test_enhanced_error_messages.py::TestExpressionBlockErrorMessages::test_expression_block_with_return_statement_error PASSED [ 46%]
tests/semantic/blocks/test_enhanced_error_messages.py::TestFunctionCallErrorMessages::test_function_parameter_type_mismatch_error PASSED [ 46%]
tests/semantic/blocks/test_enhanced_error_messages.py::TestFunctionCallErrorMessages::test_function_return_type_mismatch_error PASSED [ 46%]
tests/semantic/blocks/test_enhanced_error_messages.py::TestVariableDeclarationErrorMessages::test_mut_variable_missing_type_error PASSED [ 46%]
tests/semantic/blocks/test_enhanced_error_messages.py::TestVariableDeclarationErrorMessages::test_mixed_type_assignment_error PASSED [ 46%]
tests/semantic/blocks/test_enhanced_error_messages.py::TestErrorMessageQuality::test_error_messages_use_specification_terminology PASSED [ 46%]
tests/semantic/blocks/test_enhanced_error_messages.py::TestErrorMessageQuality::test_error_messages_provide_actionable_guidance PASSED [ 46%]
tests/semantic/blocks/test_enhanced_error_messages.py::TestErrorMessageQuality::test_multiple_errors_reported_clearly PASSED [ 46%]
tests/semantic/blocks/test_expression_blocks.py::TestExpressionBlocks::test_basic_expression_block_value_production PASSED [ 47%]
tests/semantic/blocks/test_expression_blocks.py::TestExpressionBlocks::test_expression_block_requires_assign_or_return PASSED [ 47%]
tests/semantic/blocks/test_expression_blocks.py::TestExpressionBlocks::test_nested_expression_blocks PASSED [ 47%]
tests/semantic/blocks/test_expression_blocks.py::TestExpressionBlocks::test_expression_block_comptime_type_context PASSED [ 47%]
tests/semantic/blocks/test_expression_blocks.py::TestExpressionBlocks::test_expression_block_complex_computation PASSED [ 47%]
tests/semantic/blocks/test_function_blocks.py::TestFunctionBodyBlocks::test_void_function_body_no_return_required PASSED [ 47%]
tests/semantic/blocks/test_function_blocks.py::TestFunctionBodyBlocks::test_void_function_body_bare_return_allowed PASSED [ 47%]
tests/semantic/blocks/test_function_blocks.py::TestFunctionBodyBlocks::test_value_function_body_requires_return PASSED [ 47%]
tests/semantic/blocks/test_function_blocks.py::TestFunctionBodyBlocks::test_function_body_return_type_validation PASSED [ 47%]
tests/semantic/blocks/test_function_blocks.py::TestFunctionBodyBlocks::test_function_body_with_nested_blocks PASSED [ 47%]
tests/semantic/blocks/test_function_blocks.py::TestFunctionBodyBlocks::test_function_body_scope_management PASSED [ 47%]
tests/semantic/blocks/test_runtime_operations.py::TestRuntimeOperationsInfrastructure::test_runtime_operation_detection_methods_exist PASSED [ 47%]
tests/semantic/blocks/test_runtime_operations.py::TestFunctionCallDetection::test_function_call_in_expression_triggers_runtime PASSED [ 47%]
tests/semantic/blocks/test_runtime_operations.py::TestFunctionCallDetection::test_nested_function_calls_detected PASSED [ 47%]
tests/semantic/blocks/test_runtime_operations.py::TestFunctionCallDetection::test_function_call_in_binary_operation PASSED [ 48%]
tests/semantic/blocks/test_runtime_operations.py::TestFunctionCallDetection::test_function_call_in_assign_statement PASSED [ 48%]
tests/semantic/blocks/test_runtime_operations.py::TestFunctionCallDetection::test_function_call_in_return_statement PASSED [ 48%]
tests/semantic/blocks/test_runtime_operations.py::TestFunctionCallDetection::test_function_call_statement_detected PASSED [ 48%]
tests/semantic/blocks/test_runtime_operations.py::TestConditionalDetection::test_if_statement_triggers_runtime PASSED [ 48%]
[...]
tests/semantic/test_assignment.py::TestAssignmentWithContextGuidance::test_assignment_with_comptime_type_context PASSED [ 87%]
tests/semantic/test_assignment.py::TestAssignmentWithContextGuidance::test_assignment_with_binary_operation_context PASSED [ 87%]
tests/semantic/test_assignment.py::TestAssignmentWithContextGuidance::test_assignment_with_mixed_concrete_type_context PASSED [ 87%]
tests/semantic/test_assignment.py::TestAssignmentWithContextGuidance::test_assignment_context_prevents_ambiguity PASSED [ 87%]
tests/semantic/test_basic_semantics.py::TestBasicLanguageIntegration::test_minimal_valid_program PASSED [ 87%]
tests/semantic/test_basic_semantics.py::TestBasicLanguageIntegration::test_multiple_functions_with_different_features PASSED [ 87%]
tests/semantic/test_basic_semantics.py::TestBasicLanguageIntegration::test_function_calls_with_type_system_integration PASSED [ 87%]
tests/semantic/test_basic_semantics.py::TestTypeSystemIntegration::test_comptime_types_with_mutability PASSED [ 88%]
tests/semantic/test_basic_semantics.py::TestTypeSystemIntegration::test_type_coercion_with_assignments PASSED [ 88%]
tests/semantic/test_basic_semantics.py::TestTypeSystemIntegration::test_context_guided_resolution_integration PASSED [ 88%]
tests/semantic/test_basic_semantics.py::TestTypeSystemIntegration::test_explicit_conversion_integration PASSED [ 88%]
tests/semantic/test_basic_semantics.py::TestBlockSystemIntegration::test_blocks_with_type_system PASSED [ 88%]
tests/semantic/test_basic_semantics.py::TestBlockSystemIntegration::test_blocks_with_mutability PASSED [ 88%]
tests/semantic/test_basic_semantics.py::TestBlockSystemIntegration::test_blocks_with_complex_expressions PASSED [ 88%]
tests/semantic/test_basic_semantics.py::TestErrorIntegrationScenarios::test_multiple_semantic_errors_detected PASSED [ 88%]
tests/semantic/test_basic_semantics.py::TestErrorIntegrationScenarios::test_integrated_precision_loss_errors PASSED [ 88%]
tests/semantic/test_basic_semantics.py::TestErrorIntegrationScenarios::test_scoping_with_type_system_errors PASSED [ 88%]
tests/semantic/test_basic_semantics.py::TestComprehensiveIntegration::test_full_feature_integration PASSED [ 88%]
tests/semantic/test_basic_semantics.py::TestComprehensiveIntegration::test_error_recovery_in_complex_scenarios PASSED [ 88%]
tests/semantic/test_basic_semantics.py::TestComprehensiveIntegration::test_type_system_consistency_across_features PASSED [ 88%]
tests/semantic/test_binary_ops.py::TestComptimeBinaryOperations::test_comptime_int_operations PASSED [ 89%]
tests/semantic/test_binary_ops.py::TestComptimeBinaryOperations::test_comptime_float_operations PASSED [ 89%]
tests/semantic/test_binary_ops.py::TestComptimeBinaryOperations::test_mixed_comptime_operations PASSED [ 89%]
tests/semantic/test_binary_ops.py::TestDivisionOperators::test_float_division PASSED [ 89%]
tests/semantic/test_binary_ops.py::TestDivisionOperators::test_integer_division PASSED [ 89%]
tests/semantic/test_binary_ops.py::TestMixedTypeOperations::test_mixed_integer_types PASSED [ 89%]
tests/semantic/test_binary_ops.py::TestMixedTypeOperations::test_mixed_float_types PASSED [ 89%]
tests/semantic/test_binary_ops.py::TestMixedTypeOperations::test_mixed_numeric_types PASSED [ 89%]
tests/semantic/test_binary_ops.py::TestBinaryOperationErrors::test_missing_explicit_type PASSED [ 89%]
tests/semantic/test_binary_ops.py::TestBinaryOperationErrors::test_invalid_integer_division PASSED [ 89%]
tests/semantic/test_binary_ops.py::TestLogicalOperations::test_basic_logical_operations PASSED [ 89%]
tests/semantic/test_binary_ops.py::TestLogicalOperations::test_logical_operation_errors PASSED [ 89%]
tests/semantic/test_binary_ops.py::TestLogicalOperations::test_logical_operation_precedence PASSED [ 89%]
tests/semantic/test_binary_ops.py::TestLogicalOperations::test_logical_operation_with_unary_not PASSED [ 89%]
tests/semantic/test_binary_ops.py::TestComparisonOperations::test_numeric_comparisons PASSED [ 90%]
tests/semantic/test_binary_ops.py::TestComparisonOperations::test_equality_comparisons PASSED [ 90%]
tests/semantic/test_binary_ops.py::TestComparisonOperations::test_relational_operator_restrictions PASSED [ 90%]
tests/semantic/test_binary_ops.py::TestComparisonOperations::test_comparison_target_type PASSED [ 90%]
tests/semantic/test_bool.py::TestBoolTypeSemantics::test_bool_concrete_type PASSED [ 90%]
tests/semantic/test_bool.py::TestBoolTypeSemantics::test_bool_explicit_type_declaration PASSED [ 90%]
tests/semantic/test_bool.py::TestBoolTypeSemantics::test_bool_function_return_type PASSED [ 90%]
tests/semantic/test_bool.py::TestBoolTypeSemantics::test_bool_mut_variable_assignment PASSED [ 90%]
tests/semantic/test_bool.py::TestBoolTypeSemantics::test_bool_undef_declaration PASSED [ 90%]
tests/semantic/test_bool.py::TestBoolTypeErrors::test_bool_type_mismatch_assignment PASSED [ 90%]
tests/semantic/test_bool.py::TestBoolTypeErrors::test_bool_type_mismatch_declaration PASSED [ 90%]
tests/semantic/test_bool.py::TestBoolTypeErrors::test_bool_return_type_mismatch PASSED [ 90%]
tests/semantic/test_bool.py::TestBoolTypeErrors::test_bool_assignment_to_immutable PASSED [ 90%]
tests/semantic/test_bool.py::TestBoolTypeErrors::test_bool_undef_usage_error PASSED [ 90%]
tests/semantic/test_conditionals.py::TestConditionalStatements::test_basic_if_statement PASSED [ 91%]
tests/semantic/test_conditionals.py::TestConditionalStatements::test_if_else_statement PASSED [ 91%]
tests/semantic/test_conditionals.py::TestConditionalStatements::test_else_if_chain PASSED [ 91%]
tests/semantic/test_conditionals.py::TestConditionalStatements::test_nested_conditionals PASSED [ 91%]
tests/semantic/test_conditionals.py::TestConditionValidation::test_boolean_condition_validation PASSED [ 91%]
tests/semantic/test_conditionals.py::TestConditionValidation::test_comparison_conditions PASSED [ 91%]
tests/semantic/test_conditionals.py::TestConditionValidation::test_logical_conditions PASSED [ 91%]
tests/semantic/test_conditionals.py::TestConditionValidation::test_invalid_condition_types PASSED [ 91%]
tests/semantic/test_conditionals.py::TestScopeManagement::test_scope_isolation PASSED [ 91%]
tests/semantic/test_conditionals.py::TestScopeManagement::test_variable_shadowing PASSED [ 91%]
tests/semantic/test_conditionals.py::TestScopeManagement::test_lexical_scoping PASSED [ 91%]
tests/semantic/test_conditionals.py::TestScopeManagement::test_scope_cleanup PASSED [ 91%]
tests/semantic/test_conditionals.py::TestIntegrationWithFunctions::test_conditionals_in_functions PASSED [ 91%]
tests/semantic/test_conditionals.py::TestIntegrationWithFunctions::test_return_statements_in_conditionals PASSED [ 91%]
tests/semantic/test_conditionals.py::TestIntegrationWithFunctions::test_empty_branches PASSED [ 92%]
tests/semantic/test_conditionals.py::TestErrorConditions::test_undefined_variable_in_condition PASSED [ 92%]
tests/semantic/test_conditionals.py::TestErrorConditions::test_type_mismatch_in_condition PASSED [ 92%]
tests/semantic/test_conditionals.py::TestAdvancedPatterns::test_multiple_conditions_same_scope PASSED [ 92%]
tests/semantic/test_conditionals.py::TestAdvancedPatterns::test_conditional_with_function_calls PASSED [ 92%]
tests/semantic/test_conditionals.py::TestConditionalExpressions::test_basic_conditional_expression PASSED [ 92%]
tests/semantic/test_conditionals.py::TestConditionalExpressions::test_conditional_expression_with_comptime_values PASSED [ 92%]
tests/semantic/test_conditionals.py::TestConditionalExpressions::test_conditional_expression_with_variables PASSED [ 92%]
tests/semantic/test_conditionals.py::TestConditionalExpressions::test_conditional_expression_with_early_return PASSED [ 92%]
tests/semantic/test_conditionals.py::TestConditionalExpressions::test_conditional_expression_else_if_chain PASSED [ 92%]
tests/semantic/test_conditionals.py::TestConditionalExpressions::test_mixed_return_and_assign PASSED [ 92%]
tests/semantic/test_conditionals.py::TestConditionalExpressionErrors::test_non_boolean_condition_in_expression PASSED [ 92%]
tests/semantic/test_conditionals.py::TestConditionalExpressionTypeResolution::test_comptime_type_unification PASSED [ 92%]
tests/semantic/test_conditionals.py::TestConditionalExpressionTypeResolution::test_explicit_type_context_propagation PASSED [ 93%]
tests/semantic/test_conditionals.py::TestConditionalExpressionTypeResolution::test_nested_conditional_expressions PASSED [ 93%]
tests/semantic/test_conditionals.py::TestConditionalIntegrationPatterns::test_conditionals_in_expression_blocks PASSED [ 93%]
tests/semantic/test_conditionals.py::TestConditionalIntegrationPatterns::test_conditionals_with_function_calls_in_conditions PASSED [ 93%]
tests/semantic/test_conditionals.py::TestConditionalIntegrationPatterns::test_conditionals_with_binary_operations PASSED [ 93%]
tests/semantic/test_conditionals.py::TestTypeSystemIntegration::test_comptime_type_runtime_treatment PASSED [ 93%]
tests/semantic/test_conditionals.py::TestTypeSystemIntegration::test_target_type_context_propagation PASSED [ 93%]
tests/semantic/test_conditionals.py::TestTypeSystemIntegration::test_mixed_comptime_types_with_context PASSED [ 93%]
tests/semantic/test_conditionals.py::TestTypeSystemIntegration::test_mixed_concrete_types_require_explicit_conversion PASSED [ 93%]
tests/semantic/test_conditionals.py::TestTypeSystemIntegration::test_mixed_concrete_types_error_without_conversion PASSED [ 93%]
tests/semantic/test_conditionals.py::TestTypeSystemIntegration::test_function_parameter_context_propagation PASSED [ 93%]
tests/semantic/test_conditionals.py::TestTypeSystemIntegration::test_function_return_context_propagation PASSED [ 93%]
tests/semantic/test_conditionals.py::TestTypeSystemIntegration::test_val_vs_mut_with_conditionals PASSED [ 93%]
tests/semantic/test_conditionals.py::TestTypeSystemIntegration::test_expression_blocks_with_conditionals_require_context PASSED [ 93%]
tests/semantic/test_conditionals.py::TestTypeSystemIntegration::test_nested_conditionals_with_type_propagation PASSED [ 94%]
tests/semantic/test_conditionals.py::TestTypeSystemErrorHandling::test_mixed_types_without_target_context_error PASSED [ 94%]
tests/semantic/test_conditionals.py::TestTypeSystemErrorHandling::test_helpful_conversion_error_messages PASSED [ 94%]
tests/semantic/test_conditionals.py::TestAdvancedValidationPatterns::test_validation_chains_with_early_returns PASSED [ 94%]
tests/semantic/test_conditionals.py::TestAdvancedValidationPatterns::test_guard_clause_pattern PASSED [ 94%]
tests/semantic/test_conditionals.py::TestAdvancedValidationPatterns::test_nested_validation_pattern PASSED [ 94%]
tests/semantic/test_conditionals.py::TestAdvancedCachingPatterns::test_caching_pattern_with_early_returns PASSED [ 94%]
tests/semantic/test_conditionals.py::TestAdvancedCachingPatterns::test_short_circuit_optimization_pattern PASSED [ 94%]
tests/semantic/test_conditionals.py::TestAdvancedCachingPatterns::test_conditional_computation_pattern PASSED [ 94%]
tests/semantic/test_conditionals.py::TestAdvancedFallbackPatterns::test_fallback_configuration_pattern PASSED [ 94%]
tests/semantic/test_conditionals.py::TestAdvancedFallbackPatterns::test_conditional_feature_selection PASSED [ 94%]
tests/semantic/test_conditionals.py::TestAdvancedFallbackPatterns::test_graceful_degradation_pattern PASSED [ 94%]
tests/semantic/test_conditionals.py::TestComplexIntegrationPatterns::test_conditionals_with_complex_binary_operations PASSED [ 94%]
tests/semantic/test_conditionals.py::TestComplexIntegrationPatterns::test_conditionals_with_function_call_chains PASSED [ 94%]
tests/semantic/test_conditionals.py::TestComplexIntegrationPatterns::test_conditionals_in_complex_expression_blocks PASSED [ 95%]
tests/semantic/test_conditionals.py::TestRealWorldScenarios::test_complete_validation_function PASSED [ 95%]
tests/semantic/test_conditionals.py::TestRealWorldScenarios::test_complete_configuration_loader PASSED [ 95%]
tests/semantic/test_conditionals.py::TestRealWorldScenarios::test_complete_calculation_function PASSED [ 95%]
tests/semantic/test_conditionals.py::TestConditionalTypeAnnotationRequirement::test_conditional_expression_requires_type_annotation PASSED [ 95%]
tests/semantic/test_conditionals.py::TestConditionalTypeAnnotationRequirement::test_conditional_with_type_annotation_passes PASSED [ 95%]
tests/semantic/test_conditionals.py::TestConditionalTypeAnnotationRequirement::test_nested_conditionals_both_require_type PASSED [ 95%]
tests/semantic/test_conditionals.py::TestConditionalTypeAnnotationRequirement::test_nested_conditionals_with_annotations_pass PASSED [ 95%]
tests/semantic/test_conditionals.py::TestConditionalTypeAnnotationRequirement::test_conditional_in_return_statement_allowed PASSED [ 95%]
tests/semantic/test_conditionals.py::TestConditionalTypeAnnotationRequirement::test_conditional_in_function_argument_allowed PASSED [ 95%]
tests/semantic/test_conditionals.py::TestConditionalTypeAnnotationRequirement::test_conditional_in_expression_block_requires_type PASSED [ 95%]
tests/semantic/test_conditionals.py::TestConditionalTypeAnnotationRequirement::test_conditional_with_early_return_requires_type PASSED [ 95%]
tests/semantic/test_conditionals.py::TestConditionalTypeAnnotationRequirement::test_conditional_with_early_return_and_type_passes PASSED [ 95%]
tests/semantic/test_conditionals.py::TestConditionalTypeAnnotationRequirement::test_else_if_chain_requires_type PASSED [ 95%]
tests/semantic/test_conditionals.py::TestConditionalTypeAnnotationRequirement::test_else_if_chain_with_type_passes PASSED [ 96%]
tests/semantic/test_conditionals.py::TestConditionalTypeAnnotationRequirement::test_error_message_is_educational PASSED [ 96%]
tests/semantic/test_error_messages.py::TestExplicitConversionErrorMessages::test_conversion_precision_loss_message PASSED [ 96%]
tests/semantic/test_error_messages.py::TestExplicitConversionErrorMessages::test_mixed_type_operation_error_message PASSED [ 96%]
tests/semantic/test_error_messages.py::TestExplicitConversionErrorMessages::test_conversion_guidance_consistency PASSED [ 96%]
tests/semantic/test_error_messages.py::TestPrecisionLossErrorMessages::test_truncation_error_message_format PASSED [ 96%]
tests/semantic/test_error_messages.py::TestPrecisionLossErrorMessages::test_precision_loss_error_message_format PASSED [ 96%]
tests/semantic/test_error_messages.py::TestPrecisionLossErrorMessages::test_mixed_type_precision_loss_messages PASSED [ 96%]
tests/semantic/test_error_messages.py::TestMutabilityErrorMessages::test_val_reassignment_error_message PASSED [ 96%]
tests/semantic/test_error_messages.py::TestMutabilityErrorMessages::test_val_undef_error_message PASSED [ 96%]
tests/semantic/test_error_messages.py::TestMutabilityErrorMessages::test_mutability_error_message_consistency PASSED [ 96%]
tests/semantic/test_error_messages.py::TestMixedTypeErrorMessages::test_mixed_type_binary_operation_messages PASSED [ 96%]
tests/semantic/test_error_messages.py::TestMixedTypeErrorMessages::test_ambiguous_comptime_expression_messages PASSED [ 96%]
tests/semantic/test_error_messages.py::TestMixedTypeErrorMessages::test_mixed_type_error_guidance_consistency PASSED [ 97%]
tests/semantic/test_error_messages.py::TestComptimeTypeErrorMessages::test_comptime_to_invalid_type_messages PASSED [ 97%]
tests/semantic/test_error_messages.py::TestComptimeTypeErrorMessages::test_undef_without_type_error_message PASSED [ 97%]
tests/semantic/test_error_messages.py::TestErrorMessageConsistency::test_precision_loss_consistency_across_contexts PASSED [ 97%]
tests/semantic/test_error_messages.py::TestErrorMessageConsistency::test_type_mismatch_consistency PASSED [ 97%]
tests/semantic/test_error_messages.py::TestHelpfulErrorMessages::test_error_messages_suggest_solutions PASSED [ 97%]
tests/semantic/test_error_messages.py::TestHelpfulErrorMessages::test_error_messages_are_educational PASSED [ 97%]
tests/semantic/test_error_messages.py::TestHelpfulErrorMessages::test_error_messages_include_context PASSED [ 97%]
tests/semantic/test_error_messages.py::TestErrorMessageEdgeCases::test_multiple_errors_clarity PASSED [ 97%]
tests/semantic/test_error_messages.py::TestErrorMessageEdgeCases::test_error_recovery_quality PASSED [ 97%]
tests/semantic/test_error_messages.py::TestErrorMessageEdgeCases::test_complex_expression_error_clarity PASSED [ 97%]
tests/semantic/test_mutability.py::TestValVariableSemantics::test_val_declaration_patterns PASSED [ 97%]
tests/semantic/test_mutability.py::TestValVariableSemantics::test_val_immutability_enforcement PASSED [ 97%]
tests/semantic/test_mutability.py::TestValVariableSemantics::test_val_undef_prohibition PASSED [ 97%]
tests/semantic/test_mutability.py::TestValVariableSemantics::test_val_undef_error_guidance PASSED [ 98%]
tests/semantic/test_mutability.py::TestMutVariableSemantics::test_mut_declaration_and_reassignment_lifecycle PASSED [ 98%]
tests/semantic/test_mutability.py::TestMutVariableSemantics::test_mut_type_consistency_enforcement PASSED [ 98%]
tests/semantic/test_mutability.py::TestMutVariableSemantics::test_mut_comptime_type_adaptation_in_reassignments PASSED [ 98%]
tests/semantic/test_mutability.py::TestMutVariableSemantics::test_mut_undef_deferred_initialization PASSED [ 98%]
tests/semantic/test_mutability.py::TestMutVariableSemantics::test_mut_undef_requires_explicit_type PASSED [ 98%]
tests/semantic/test_mutability.py::TestMutabilityScoping::test_val_variables_scope_isolation PASSED [ 98%]
tests/semantic/test_mutability.py::TestMutabilityScoping::test_mut_variables_scope_isolation PASSED [ 98%]
tests/semantic/test_mutability.py::TestMutabilityScoping::test_mixed_val_mut_shadowing PASSED [ 98%]
tests/semantic/test_mutability.py::TestMutabilityIntegration::test_mutability_with_expression_blocks PASSED [ 98%]
tests/semantic/test_mutability.py::TestMutabilityTypeSystemIntegration::test_val_mut_identical_type_system_behavior PASSED [ 98%]
tests/semantic/test_mutability.py::TestMutabilityTypeSystemIntegration::test_mutability_with_type_system_contexts PASSED [ 98%]
tests/semantic/test_unary_ops.py::TestUnaryMinusSemantics::test_unary_minus_with_comptime_types PASSED [ 98%]
tests/semantic/test_unary_ops.py::TestUnaryMinusSemantics::test_unary_minus_with_concrete_types PASSED [ 98%]
tests/semantic/test_unary_ops.py::TestUnaryMinusSemantics::test_unary_minus_errors PASSED [ 99%]
tests/semantic/test_unary_ops.py::TestNegativeNumberLiterals::test_negative_integer_literals PASSED [ 99%]
tests/semantic/test_unary_ops.py::TestNegativeNumberLiterals::test_negative_integer_type_coercion PASSED [ 99%]
tests/semantic/test_unary_ops.py::TestNegativeNumberLiterals::test_negative_float_literals PASSED [ 99%]
tests/semantic/test_unary_ops.py::TestNegativeNumberLiterals::test_negative_float_type_coercion PASSED [ 99%]
tests/semantic/test_unary_ops.py::TestNegativeNumberLiterals::test_mixed_positive_negative_numbers PASSED [ 99%]
tests/semantic/test_unary_ops.py::TestNegativeNumberLiterals::test_negative_numbers_in_assignments PASSED [ 99%]
tests/semantic/test_unary_ops.py::TestNegativeNumberLiterals::test_negative_numbers_with_undef PASSED [ 99%]
tests/semantic/test_unary_ops.py::TestNegativeNumberLiterals::test_negative_number_ast_structure PASSED [ 99%]
tests/semantic/test_unary_ops.py::TestLogicalNotSemantics::test_logical_not_with_booleans PASSED [ 99%]
tests/semantic/test_unary_ops.py::TestLogicalNotSemantics::test_logical_not_errors PASSED [ 99%]
tests/semantic/test_unary_ops.py::TestUnaryOperatorIntegration::test_unary_operators_in_expressions PASSED [ 99%]
tests/semantic/test_unary_ops.py::TestUnaryOperatorIntegration::test_unary_operators_with_undef PASSED [ 99%]
tests/semantic/test_unary_ops.py::TestUnaryOperatorIntegration::test_negative_literals_in_complex_expressions PASSED [100%]

============================ 1374 passed in 37.51s =============================
